0 verbose cli C:\Program Files\nodejs\node.exe C:\Program Files\nodejs\node_modules\npm\bin\npm-cli.js
1 info using npm@10.9.3
2 info using node@v22.19.0
3 silly config load:file:C:\Program Files\nodejs\node_modules\npm\npmrc
4 silly config load:file:D:\Projects\PodcastAI\PodcastAI\.npmrc
5 silly config load:file:C:\Users\Asus\.npmrc
6 silly config load:file:D:\Projects\PodcastAI\PodcastAI\%USERPROFILE%\npm\etc\npmrc
7 verbose title npm install @google/generative-ai
8 verbose argv "install" "@google/generative-ai"
9 verbose logfile logs-max:10 dir:D:\Projects\PodcastAI\PodcastAI\%USERPROFILE%\npm-cache\_logs\2026-03-06T05_34_00_295Z-
10 verbose logfile D:\Projects\PodcastAI\PodcastAI\%USERPROFILE%\npm-cache\_logs\2026-03-06T05_34_00_295Z-debug-0.log
11 silly logfile start cleaning logs, removing 1 files
12 silly packumentCache heap:2197815296 maxSize:549453824 maxEntrySize:274726912
13 silly logfile done cleaning log files
14 silly idealTree buildDeps
15 silly fetch manifest @google/generative-ai@^0.24.1
16 silly packumentCache full:https://registry.npmjs.org/@google%2fgenerative-ai cache-miss
17 http fetch GET 200 https://registry.npmjs.org/@google%2fgenerative-ai 553ms (cache revalidated)
18 silly packumentCache full:https://registry.npmjs.org/@google%2fgenerative-ai set size:118041 disposed:false
19 silly placeDep ROOT @google/generative-ai@0.24.1 REPLACE for: nextn@0.1.0 want: ^0.24.1
20 silly reify moves {}
21 silly audit bulk request {
21 silly audit   '@alloc/quick-lru': [ '5.2.0' ],
21 silly audit   '@aws-amplify/analytics': [ '7.0.93' ],
21 silly audit   '@smithy/is-array-buffer': [ '2.2.0', '3.0.0', '4.2.1' ],
21 silly audit   '@smithy/util-buffer-from': [ '2.2.0', '3.0.0', '4.2.1' ],
21 silly audit   '@smithy/util-utf8': [ '2.0.0', '3.0.0', '2.3.0', '4.2.1' ],
21 silly audit   '@aws-amplify/api': [ '6.3.24' ],
21 silly audit   '@aws-amplify/api-graphql': [ '4.8.5' ],
21 silly audit   '@aws-sdk/types': [ '3.973.1', '3.973.4' ],
21 silly audit   uuid: [ '11.1.0', '13.0.0' ],
21 silly audit   '@aws-amplify/api-rest': [ '4.6.3' ],
21 silly audit   '@aws-amplify/core': [ '6.16.1' ],
21 silly audit   '@smithy/util-hex-encoding': [ '2.0.0', '4.2.1' ],
21 silly audit   '@aws-amplify/data-schema': [ '1.25.1' ],
21 silly audit   '@aws-amplify/data-schema-types': [ '1.2.1' ],
21 silly audit   '@smithy/util-base64': [ '3.0.0', '4.3.1' ],
21 silly audit   '@aws-amplify/datastore': [ '5.1.5' ],
21 silly audit   idb: [ '5.0.6', '7.1.1' ],
21 silly audit   '@aws-amplify/notifications': [ '2.0.93' ],
21 silly audit   '@aws-amplify/storage': [ '6.13.1' ],
21 silly audit   '@smithy/md5-js': [ '2.0.7', '4.2.10' ],
21 silly audit   '@smithy/types': [ '2.12.0', '4.13.0', '3.7.2' ],
21 silly audit   '@aws-crypto/crc32': [ '5.2.0' ],
21 silly audit   '@aws-crypto/crc32c': [ '5.2.0' ],
21 silly audit   '@aws-crypto/sha1-browser': [ '5.2.0' ],
21 silly audit   '@aws-crypto/sha256-browser': [ '5.2.0' ],
21 silly audit   '@aws-crypto/sha256-js': [ '5.2.0' ],
21 silly audit   '@aws-crypto/supports-web-crypto': [ '5.2.0' ],
21 silly audit   '@aws-crypto/util': [ '5.2.0' ],
21 silly audit   '@aws-sdk/client-bedrock-runtime': [ '3.1000.0' ],
21 silly audit   '@aws-sdk/token-providers': [ '3.1000.0', '3.999.0' ],
21 silly audit   '@aws-sdk/client-cognito-identity': [ '3.1000.0' ],
21 silly audit   '@aws-sdk/client-dynamodb': [ '3.1000.0' ],
21 silly audit   '@aws-sdk/client-firehose': [ '3.982.0' ],
21 silly audit   '@aws-sdk/util-endpoints': [ '3.982.0', '3.996.3' ],
21 silly audit   '@aws-sdk/client-kinesis': [ '3.982.0' ],
21 silly audit   '@aws-sdk/client-personalize-events': [ '3.982.0' ],
21 silly audit   '@aws-sdk/client-s3': [ '3.1000.0' ],
21 silly audit   '@aws-sdk/client-sagemaker': [ '3.1000.0' ],
21 silly audit   '@aws-sdk/client-transcribe': [ '3.1000.0' ],
21 silly audit   '@aws-sdk/core': [ '3.973.15' ],
21 silly audit   '@aws-sdk/crc64-nvme': [ '3.972.3' ],
21 silly audit   '@aws-sdk/credential-provider-cognito-identity': [ '3.972.6' ],
21 silly audit   '@aws-sdk/credential-provider-env': [ '3.972.13' ],
21 silly audit   '@aws-sdk/credential-provider-http': [ '3.972.15' ],
21 silly audit   '@aws-sdk/credential-provider-ini': [ '3.972.13' ],
21 silly audit   '@aws-sdk/credential-provider-login': [ '3.972.13' ],
21 silly audit   '@aws-sdk/credential-provider-node': [ '3.972.14' ],
21 silly audit   '@aws-sdk/credential-provider-process': [ '3.972.13' ],
21 silly audit   '@aws-sdk/credential-provider-sso': [ '3.972.13' ],
21 silly audit   '@aws-sdk/credential-provider-web-identity': [ '3.972.13' ],
21 silly audit   '@aws-sdk/credential-providers': [ '3.1000.0' ],
21 silly audit   '@aws-sdk/dynamodb-codec': [ '3.972.16' ],
21 silly audit   '@aws-sdk/endpoint-cache': [ '3.972.3' ],
21 silly audit   '@aws-sdk/eventstream-handler-node': [ '3.972.9' ],
21 silly audit   '@aws-sdk/lib-dynamodb': [ '3.1000.0' ],
21 silly audit   '@aws-sdk/middleware-bucket-endpoint': [ '3.972.6' ],
21 silly audit   '@aws-sdk/middleware-endpoint-discovery': [ '3.972.6' ],
21 silly audit   '@aws-sdk/middleware-eventstream': [ '3.972.6' ],
21 silly audit   '@aws-sdk/middleware-expect-continue': [ '3.972.6' ],
21 silly audit   '@aws-sdk/middleware-flexible-checksums': [ '3.973.1' ],
21 silly audit   '@aws-sdk/middleware-host-header': [ '3.972.6' ],
21 silly audit   '@aws-sdk/middleware-location-constraint': [ '3.972.6' ],
21 silly audit   '@aws-sdk/middleware-logger': [ '3.972.6' ],
21 silly audit   '@aws-sdk/middleware-recursion-detection': [ '3.972.6' ],
21 silly audit   '@aws-sdk/middleware-sdk-s3': [ '3.972.15' ],
21 silly audit   '@aws-sdk/middleware-ssec': [ '3.972.6' ],
21 silly audit   '@aws-sdk/middleware-user-agent': [ '3.972.15' ],
21 silly audit   '@aws-sdk/middleware-websocket': [ '3.972.10' ],
21 silly audit   '@aws-sdk/nested-clients': [ '3.996.3' ],
21 silly audit   '@aws-sdk/region-config-resolver': [ '3.972.6' ],
21 silly audit   '@aws-sdk/s3-request-presigner': [ '3.1000.0' ],
21 silly audit   '@aws-sdk/signature-v4-multi-region': [ '3.996.3' ],
21 silly audit   '@aws-sdk/util-arn-parser': [ '3.972.2' ],
21 silly audit   '@aws-sdk/util-dynamodb': [ '3.996.1' ],
21 silly audit   '@aws-sdk/util-format-url': [ '3.972.6' ],
21 silly audit   '@aws-sdk/util-locate-window': [ '3.965.4' ],
21 silly audit   '@aws-sdk/util-user-agent-browser': [ '3.972.6' ],
21 silly audit   '@aws-sdk/util-user-agent-node': [ '3.973.0' ],
21 silly audit   '@aws-sdk/xml-builder': [ '3.972.8' ],
21 silly audit   'fast-xml-parser': [ '5.3.6', '5.4.1' ],
21 silly audit   '@aws/lambda-invoke-store': [ '0.2.3' ],
21 silly audit   '@date-fns/tz': [ '1.4.1' ],
21 silly audit   '@emnapi/runtime': [ '1.7.1' ],
21 silly audit   '@firebase/ai': [ '1.4.0' ],
21 silly audit   '@firebase/analytics': [ '0.10.16' ],
21 silly audit   '@firebase/analytics-compat': [ '0.2.22' ],
21 silly audit   '@firebase/analytics-types': [ '0.8.3' ],
21 silly audit   '@firebase/app': [ '0.13.1' ],
21 silly audit   '@firebase/app-check': [ '0.10.0' ],
21 silly audit   '@firebase/app-check-compat': [ '0.3.25' ],
21 silly audit   '@firebase/app-check-interop-types': [ '0.3.3' ],
21 silly audit   '@firebase/app-check-types': [ '0.5.3' ],
21 silly audit   '@firebase/app-compat': [ '0.4.1' ],
21 silly audit   '@firebase/app-types': [ '0.9.3' ],
21 silly audit   '@firebase/auth-compat': [ '0.5.27' ],
21 silly audit   '@firebase/auth': [ '1.10.7' ],
21 silly audit   '@firebase/auth-interop-types': [ '0.2.4' ],
21 silly audit   '@firebase/auth-types': [ '0.13.0' ],
21 silly audit   '@firebase/component': [ '0.6.17' ],
21 silly audit   '@firebase/data-connect': [ '0.3.9' ],
21 silly audit   '@firebase/database': [ '1.0.19' ],
21 silly audit   '@firebase/database-compat': [ '2.0.10' ],
21 silly audit   '@firebase/database-types': [ '1.0.14' ],
21 silly audit   '@firebase/firestore': [ '4.7.17' ],
21 silly audit   '@firebase/firestore-compat': [ '0.3.52' ],
21 silly audit   '@firebase/firestore-types': [ '3.0.3' ],
21 silly audit   '@grpc/grpc-js': [ '1.9.15' ],
21 silly audit   '@firebase/functions': [ '0.12.8' ],
21 silly audit   '@firebase/functions-compat': [ '0.3.25' ],
21 silly audit   '@firebase/functions-types': [ '0.6.3' ],
21 silly audit   '@firebase/installations': [ '0.6.17' ],
21 silly audit   '@firebase/installations-compat': [ '0.2.17' ],
21 silly audit   '@firebase/installations-types': [ '0.5.3' ],
21 silly audit   '@firebase/logger': [ '0.4.4' ],
21 silly audit   '@firebase/messaging': [ '0.12.21' ],
21 silly audit   '@firebase/messaging-compat': [ '0.2.21' ],
21 silly audit   '@firebase/messaging-interop-types': [ '0.2.3' ],
21 silly audit   '@firebase/performance': [ '0.7.6' ],
21 silly audit   '@firebase/performance-compat': [ '0.2.19' ],
21 silly audit   '@firebase/performance-types': [ '0.2.3' ],
21 silly audit   '@firebase/remote-config': [ '0.6.4' ],
21 silly audit   '@firebase/remote-config-compat': [ '0.2.17' ],
21 silly audit   '@firebase/remote-config-types': [ '0.4.0' ],
21 silly audit   '@firebase/storage': [ '0.13.13' ],
21 silly audit   '@firebase/storage-compat': [ '0.3.23' ],
21 silly audit   '@firebase/storage-types': [ '0.8.3' ],
21 silly audit   '@firebase/util': [ '1.12.0' ],
21 silly audit   '@firebase/webchannel-wrapper': [ '1.0.3' ],
21 silly audit   '@floating-ui/core': [ '1.7.3' ],
21 silly audit   '@floating-ui/dom': [ '1.7.4' ],
21 silly audit   '@floating-ui/react-dom': [ '2.1.6' ],
21 silly audit   '@floating-ui/utils': [ '0.2.10' ],
21 silly audit   '@grpc/proto-loader': [ '0.7.13' ],
21 silly audit   '@hookform/resolvers': [ '4.1.3' ],
21 silly audit   '@img/colour': [ '1.0.0' ],
21 silly audit   '@img/sharp-darwin-arm64': [ '0.34.5' ],
21 silly audit   '@img/sharp-darwin-x64': [ '0.34.5' ],
21 silly audit   '@img/sharp-libvips-darwin-arm64': [ '1.2.4' ],
21 silly audit   '@img/sharp-libvips-darwin-x64': [ '1.2.4' ],
21 silly audit   '@img/sharp-libvips-linux-arm': [ '1.2.4' ],
21 silly audit   '@img/sharp-libvips-linux-arm64': [ '1.2.4' ],
21 silly audit   '@img/sharp-libvips-linux-ppc64': [ '1.2.4' ],
21 silly audit   '@img/sharp-libvips-linux-riscv64': [ '1.2.4' ],
21 silly audit   '@img/sharp-libvips-linux-s390x': [ '1.2.4' ],
21 silly audit   '@img/sharp-libvips-linux-x64': [ '1.2.4' ],
21 silly audit   '@img/sharp-libvips-linuxmusl-arm64': [ '1.2.4' ],
21 silly audit   '@img/sharp-libvips-linuxmusl-x64': [ '1.2.4' ],
21 silly audit   '@img/sharp-linux-arm': [ '0.34.5' ],
21 silly audit   '@img/sharp-linux-arm64': [ '0.34.5' ],
21 silly audit   '@img/sharp-linux-ppc64': [ '0.34.5' ],
21 silly audit   '@img/sharp-linux-riscv64': [ '0.34.5' ],
21 silly audit   '@img/sharp-linux-s390x': [ '0.34.5' ],
21 silly audit   '@img/sharp-linux-x64': [ '0.34.5' ],
21 silly audit   '@img/sharp-linuxmusl-arm64': [ '0.34.5' ],
21 silly audit   '@img/sharp-linuxmusl-x64': [ '0.34.5' ],
21 silly audit   '@img/sharp-wasm32': [ '0.34.5' ],
21 silly audit   '@img/sharp-win32-arm64': [ '0.34.5' ],
21 silly audit   '@img/sharp-win32-ia32': [ '0.34.5' ],
21 silly audit   '@img/sharp-win32-x64': [ '0.34.5' ],
21 silly audit   '@isaacs/cliui': [ '8.0.2' ],
21 silly audit   '@jridgewell/gen-mapping': [ '0.3.8' ],
21 silly audit   '@jridgewell/resolve-uri': [ '3.1.2' ],
21 silly audit   '@jridgewell/set-array': [ '1.2.1' ],
21 silly audit   '@jridgewell/sourcemap-codec': [ '1.5.0' ],
21 silly audit   '@jridgewell/trace-mapping': [ '0.3.25' ],
21 silly audit   '@next/env': [ '15.5.9' ],
21 silly audit   '@next/swc-darwin-arm64': [ '15.5.7' ],
21 silly audit   '@next/swc-darwin-x64': [ '15.5.7' ],
21 silly audit   '@next/swc-linux-arm64-gnu': [ '15.5.7' ],
21 silly audit   '@next/swc-linux-arm64-musl': [ '15.5.7' ],
21 silly audit   '@next/swc-linux-x64-gnu': [ '15.5.7' ],
21 silly audit   '@next/swc-linux-x64-musl': [ '15.5.7' ],
21 silly audit   '@next/swc-win32-arm64-msvc': [ '15.5.7' ],
21 silly audit   '@next/swc-win32-x64-msvc': [ '15.5.7' ],
21 silly audit   '@nodelib/fs.scandir': [ '2.1.5' ],
21 silly audit   '@nodelib/fs.stat': [ '2.0.5' ],
21 silly audit   '@nodelib/fs.walk': [ '1.2.8' ],
21 silly audit   '@opentelemetry/api': [ '1.9.0' ],
21 silly audit   '@pkgjs/parseargs': [ '0.11.0' ],
21 silly audit   '@protobufjs/aspromise': [ '1.1.2' ],
21 silly audit   '@protobufjs/base64': [ '1.1.2' ],
21 silly audit   '@protobufjs/codegen': [ '2.0.4' ],
21 silly audit   '@protobufjs/eventemitter': [ '1.1.0' ],
21 silly audit   '@protobufjs/fetch': [ '1.1.0' ],
21 silly audit   '@protobufjs/float': [ '1.0.2' ],
21 silly audit   '@protobufjs/inquire': [ '1.1.0' ],
21 silly audit   '@protobufjs/path': [ '1.1.2' ],
21 silly audit   '@protobufjs/pool': [ '1.1.0' ],
21 silly audit   '@protobufjs/utf8': [ '1.1.0' ],
21 silly audit   '@radix-ui/number': [ '1.1.0' ],
21 silly audit   '@radix-ui/primitive': [ '1.1.1', '1.1.2', '1.1.3' ],
21 silly audit   '@radix-ui/react-accordion': [ '1.2.3' ],
21 silly audit   '@radix-ui/react-collapsible': [ '1.1.3', '1.1.11' ],
21 silly audit   '@radix-ui/react-alert-dialog': [ '1.1.6' ],
21 silly audit   '@radix-ui/react-dialog': [ '1.1.6', '1.1.15' ],
21 silly audit   '@radix-ui/react-dismissable-layer': [ '1.1.5', '1.1.11' ],
21 silly audit   '@radix-ui/react-focus-scope': [ '1.1.2', '1.1.7' ],
21 silly audit   '@radix-ui/react-portal': [ '1.1.4', '1.1.9' ],
21 silly audit   '@radix-ui/react-slot': [ '1.1.2', '1.2.3' ],
21 silly audit   '@radix-ui/react-use-escape-keydown': [ '1.1.0', '1.1.1' ],
21 silly audit   '@radix-ui/react-arrow': [ '1.1.2' ],
21 silly audit   '@radix-ui/react-avatar': [ '1.1.3' ],
21 silly audit   '@radix-ui/react-checkbox': [ '1.1.4' ],
21 silly audit   '@radix-ui/react-compose-refs': [ '1.1.2', '1.1.1' ],
21 silly audit   '@radix-ui/react-context': [ '1.1.2', '1.1.1' ],
21 silly audit   '@radix-ui/react-id': [ '1.1.1', '1.1.0' ],
21 silly audit   '@radix-ui/react-presence': [ '1.1.4', '1.1.5', '1.1.2' ],
21 silly audit   '@radix-ui/react-primitive': [ '2.1.3', '2.0.2' ],
21 silly audit   '@radix-ui/react-use-controllable-state': [ '1.2.2', '1.1.0' ],
21 silly audit   '@radix-ui/react-use-layout-effect': [ '1.1.1', '1.1.0' ],
21 silly audit   '@radix-ui/react-collection': [ '1.1.2' ],
21 silly audit   '@radix-ui/react-focus-guards': [ '1.1.3', '1.1.1' ],
21 silly audit   '@radix-ui/react-direction': [ '1.1.0' ],
21 silly audit   '@radix-ui/react-use-callback-ref': [ '1.1.1', '1.1.0' ],
21 silly audit   '@radix-ui/react-dropdown-menu': [ '2.1.6' ],
21 silly audit   '@radix-ui/react-label': [ '2.1.2' ],
21 silly audit   '@radix-ui/react-menu': [ '2.1.6' ],
21 silly audit   '@radix-ui/react-menubar': [ '1.1.6' ],
21 silly audit   '@radix-ui/react-popover': [ '1.1.6' ],
21 silly audit   '@radix-ui/react-popper': [ '1.2.2' ],
21 silly audit   '@radix-ui/react-progress': [ '1.1.2' ],
21 silly audit   '@radix-ui/react-radio-group': [ '1.2.3' ],
21 silly audit   '@radix-ui/react-roving-focus': [ '1.1.2' ],
21 silly audit   '@radix-ui/react-scroll-area': [ '1.2.3' ],
21 silly audit   '@radix-ui/react-select': [ '2.1.6' ],
21 silly audit   '@radix-ui/react-separator': [ '1.1.2' ],
21 silly audit   '@radix-ui/react-slider': [ '1.2.3' ],
21 silly audit   '@radix-ui/react-switch': [ '1.1.3' ],
21 silly audit   '@radix-ui/react-tabs': [ '1.1.3' ],
21 silly audit   '@radix-ui/react-toast': [ '1.2.6' ],
21 silly audit   '@radix-ui/react-tooltip': [ '1.1.8' ],
21 silly audit   '@radix-ui/react-use-effect-event': [ '0.0.2' ],
21 silly audit   '@radix-ui/react-use-previous': [ '1.1.0' ],
21 silly audit   '@radix-ui/react-use-rect': [ '1.1.0' ],
21 silly audit   '@radix-ui/react-use-size': [ '1.1.0' ],
21 silly audit   '@radix-ui/react-visually-hidden': [ '1.1.2' ],
21 silly audit   '@radix-ui/rect': [ '1.1.0' ],
21 silly audit   '@smithy/abort-controller': [ '4.2.10' ],
21 silly audit   '@smithy/chunked-blob-reader': [ '5.2.1' ],
21 silly audit   '@smithy/chunked-blob-reader-native': [ '4.2.2' ],
21 silly audit   '@smithy/config-resolver': [ '4.4.9' ],
21 silly audit   '@smithy/core': [ '3.23.6' ],
21 silly audit   '@smithy/credential-provider-imds': [ '4.2.10' ],
21 silly audit   '@smithy/eventstream-codec': [ '4.2.10' ],
21 silly audit   '@smithy/eventstream-serde-browser': [ '4.2.10' ],
21 silly audit   '@smithy/eventstream-serde-config-resolver': [ '4.3.10' ],
21 silly audit   '@smithy/eventstream-serde-node': [ '4.2.10' ],
21 silly audit   '@smithy/eventstream-serde-universal': [ '4.2.10' ],
21 silly audit   '@smithy/fetch-http-handler': [ '5.3.11' ],
21 silly audit   '@smithy/hash-blob-browser': [ '4.2.11' ],
21 silly audit   '@smithy/hash-node': [ '4.2.10' ],
21 silly audit   '@smithy/hash-stream-node': [ '4.2.10' ],
21 silly audit   '@smithy/invalid-dependency': [ '4.2.10' ],
21 silly audit   '@smithy/middleware-content-length': [ '4.2.10' ],
21 silly audit   '@smithy/middleware-endpoint': [ '4.4.20' ],
21 silly audit   '@smithy/middleware-retry': [ '4.4.37' ],
21 silly audit   '@smithy/middleware-serde': [ '4.2.11' ],
21 silly audit   '@smithy/middleware-stack': [ '4.2.10' ],
21 silly audit   '@smithy/node-config-provider': [ '4.3.10' ],
21 silly audit   '@smithy/node-http-handler': [ '4.4.12' ],
21 silly audit   '@smithy/property-provider': [ '4.2.10' ],
21 silly audit   '@smithy/protocol-http': [ '5.3.10' ],
21 silly audit   '@smithy/querystring-builder': [ '4.2.10' ],
21 silly audit   '@smithy/querystring-parser': [ '4.2.10' ],
21 silly audit   '@smithy/service-error-classification': [ '4.2.10' ],
21 silly audit   '@smithy/shared-ini-file-loader': [ '4.4.5' ],
21 silly audit   '@smithy/signature-v4': [ '5.3.10' ],
21 silly audit   '@smithy/smithy-client': [ '4.12.0' ],
21 silly audit   '@smithy/url-parser': [ '4.2.10' ],
21 silly audit   '@smithy/util-body-length-browser': [ '4.2.1' ],
21 silly audit   '@smithy/util-body-length-node': [ '4.2.2' ],
21 silly audit   '@smithy/util-config-provider': [ '4.2.1' ],
21 silly audit   '@smithy/util-defaults-mode-browser': [ '4.3.36' ],
21 silly audit   '@smithy/util-defaults-mode-node': [ '4.2.39' ],
21 silly audit   '@smithy/util-endpoints': [ '3.3.1' ],
21 silly audit   '@smithy/util-middleware': [ '4.2.10' ],
21 silly audit   '@smithy/util-retry': [ '4.2.10' ],
21 silly audit   '@smithy/util-stream': [ '4.5.15' ],
21 silly audit   '@smithy/util-uri-escape': [ '4.2.1' ],
21 silly audit   '@smithy/util-waiter': [ '4.2.10' ],
21 silly audit   '@smithy/uuid': [ '1.1.1' ],
21 silly audit   '@standard-schema/utils': [ '0.3.0' ],
21 silly audit   '@swc/helpers': [ '0.5.15' ],
21 silly audit   '@types/aws-lambda': [ '8.10.161' ],
21 silly audit   '@types/json-schema': [ '7.0.15' ],
21 silly audit   '@types/node': [ '20.17.17' ],
21 silly audit   '@types/react': [ '19.2.7' ],
21 silly audit   '@types/react-dom': [ '19.2.3' ],
21 silly audit   '@types/uuid': [ '9.0.8' ],
21 silly audit   '@yarnpkg/lockfile': [ '1.1.0' ],
21 silly audit   'abort-controller': [ '3.0.0' ],
21 silly audit   'ansi-regex': [ '6.1.0', '5.0.1' ],
21 silly audit   'ansi-styles': [ '6.2.1', '4.3.0' ],
21 silly audit   'any-promise': [ '1.3.0' ],
21 silly audit   anymatch: [ '3.1.3' ],
21 silly audit   arg: [ '5.0.2' ],
21 silly audit   'aria-hidden': [ '1.2.4' ],
21 silly audit   asynckit: [ '0.4.0' ],
21 silly audit   'at-least-node': [ '1.0.0' ],
21 silly audit   'aws-amplify': [ '6.16.2' ],
21 silly audit   '@aws-amplify/auth': [ '6.19.1' ],
21 silly audit   'balanced-match': [ '1.0.2' ],
21 silly audit   'base64-js': [ '1.5.1' ],
21 silly audit   'binary-extensions': [ '2.3.0' ],
21 silly audit   bowser: [ '2.14.1' ],
21 silly audit   'brace-expansion': [ '2.0.1', '1.1.11' ],
21 silly audit   braces: [ '3.0.3' ],
21 silly audit   buffer: [ '4.9.2', '6.0.3' ],
21 silly audit   isarray: [ '1.0.0', '2.0.5' ],
21 silly audit   'call-bind': [ '1.0.8' ],
21 silly audit   'call-bind-apply-helpers': [ '1.0.1' ],
21 silly audit   'call-bound': [ '1.0.3' ],
21 silly audit   'camelcase-css': [ '2.0.1' ],
21 silly audit   'caniuse-lite': [ '1.0.30001699' ],
21 silly audit   chalk: [ '4.1.2' ],
21 silly audit   chokidar: [ '3.6.0' ],
21 silly audit   'glob-parent': [ '5.1.2', '6.0.2' ],
21 silly audit   'ci-info': [ '3.9.0' ],
21 silly audit   'class-variance-authority': [ '0.7.1' ],
21 silly audit   'client-only': [ '0.0.1' ],
21 silly audit   cliui: [ '8.0.1' ],
21 silly audit   'emoji-regex': [ '8.0.0', '9.2.2' ],
21 silly audit   'string-width': [ '4.2.3', '5.1.2' ],
21 silly audit   'strip-ansi': [ '6.0.1', '7.1.0' ],
21 silly audit   'wrap-ansi': [ '7.0.0', '8.1.0' ],
21 silly audit   clsx: [ '2.1.1' ],
21 silly audit   'cohere-ai': [ '7.20.0' ],
21 silly audit   'color-convert': [ '2.0.1' ],
21 silly audit   'color-name': [ '1.1.4' ],
21 silly audit   'combined-stream': [ '1.0.8' ],
21 silly audit   commander: [ '4.1.1' ],
21 silly audit   'concat-map': [ '0.0.1' ],
21 silly audit   convict: [ '6.2.4' ],
21 silly audit   'yargs-parser': [ '20.2.9', '21.1.1' ],
21 silly audit   'crc-32': [ '1.2.2' ],
21 silly audit   'cross-spawn': [ '7.0.6' ],
21 silly audit   cssesc: [ '3.0.0' ],
21 silly audit   csstype: [ '3.2.3' ],
21 silly audit   'date-fns': [ '3.6.0', '4.1.0' ],
21 silly audit   'date-fns-jalali': [ '4.1.0-0' ],
21 silly audit   'define-data-property': [ '1.1.4' ],
21 silly audit   'delayed-stream': [ '1.0.0' ],
21 silly audit   'detect-libc': [ '2.1.2' ],
21 silly audit   'detect-node-es': [ '1.1.0' ],
21 silly audit   didyoumean: [ '1.2.2' ],
21 silly audit   dlv: [ '1.1.3' ],
21 silly audit   dotenv: [ '16.5.0' ],
21 silly audit   'dunder-proto': [ '1.0.1' ],
21 silly audit   eastasianwidth: [ '0.2.0' ],
21 silly audit   'embla-carousel': [ '8.6.0' ],
21 silly audit   'embla-carousel-react': [ '8.6.0' ],
21 silly audit   'embla-carousel-reactive-utils': [ '8.6.0' ],
21 silly audit   'es-define-property': [ '1.0.1' ],
21 silly audit   'es-errors': [ '1.3.0' ],
21 silly audit   'es-object-atoms': [ '1.1.1' ],
21 silly audit   'es-set-tostringtag': [ '2.1.0' ],
21 silly audit   escalade: [ '3.2.0' ],
21 silly audit   'event-target-shim': [ '5.0.1' ],
21 silly audit   events: [ '3.3.0' ],
21 silly audit   'fast-glob': [ '3.3.3' ],
21 silly audit   'fast-xml-builder': [ '1.0.0' ],
21 silly audit   fastq: [ '1.19.0' ],
21 silly audit   'faye-websocket': [ '0.11.4' ],
21 silly audit   'fill-range': [ '7.1.1' ],
21 silly audit   'find-yarn-workspace-root': [ '2.0.0' ],
21 silly audit   firebase: [ '11.9.1' ],
21 silly audit   'foreground-child': [ '3.3.0' ],
21 silly audit   'form-data': [ '4.0.5' ],
21 silly audit   'form-data-encoder': [ '4.1.0' ],
21 silly audit   'formdata-node': [ '6.0.3' ],
21 silly audit   'fs-extra': [ '9.1.0' ],
21 silly audit   'fs.realpath': [ '1.0.0' ],
21 silly audit   fsevents: [ '2.3.3' ],
21 silly audit   'function-bind': [ '1.1.2' ],
21 silly audit   'get-caller-file': [ '2.0.5' ],
21 silly audit   'get-intrinsic': [ '1.2.7' ],
21 silly audit   'get-nonce': [ '1.0.1' ],
21 silly audit   'get-proto': [ '1.0.1' ],
21 silly audit   glob: [ '10.4.5', '7.2.3' ],
21 silly audit   gopd: [ '1.2.0' ],
21 silly audit   'graceful-fs': [ '4.2.11' ],
21 silly audit   graphql: [ '15.8.0' ],
21 silly audit   'has-flag': [ '4.0.0' ],
21 silly audit   'has-property-descriptors': [ '1.0.2' ],
21 silly audit   'has-symbols': [ '1.1.0' ],
21 silly audit   'has-tostringtag': [ '1.0.2' ],
21 silly audit   hasown: [ '2.0.2' ],
21 silly audit   'http-parser-js': [ '0.5.10' ],
21 silly audit   ieee754: [ '1.2.1' ],
21 silly audit   immer: [ '9.0.6' ],
21 silly audit   inflight: [ '1.0.6' ],
21 silly audit   inherits: [ '2.0.4' ],
21 silly audit   'is-binary-path': [ '2.1.0' ],
21 silly audit   'is-core-module': [ '2.16.1' ],
21 silly audit   'is-docker': [ '2.2.1' ],
21 silly audit   'is-extglob': [ '2.1.1' ],
21 silly audit   'is-fullwidth-code-point': [ '3.0.0' ],
21 silly audit   'is-glob': [ '4.0.3' ],
21 silly audit   'is-number': [ '7.0.0' ],
21 silly audit   isexe: [ '2.0.0' ],
21 silly audit   jackspeak: [ '3.4.3' ],
21 silly audit   jiti: [ '1.21.7' ],
21 silly audit   'js-cookie': [ '3.0.5' ],
21 silly audit   'json-stable-stringify': [ '1.2.1' ],
21 silly audit   jsonfile: [ '6.1.0' ],
21 silly audit   jsonify: [ '0.0.1' ],
21 silly audit   'klaw-sync': [ '6.0.0' ],
21 silly audit   lilconfig: [ '3.1.3' ],
21 silly audit   'lines-and-columns': [ '1.2.4' ],
21 silly audit   lodash: [ '4.17.23' ],
21 silly audit   'lodash.camelcase': [ '4.3.0' ],
21 silly audit   'lodash.clonedeep': [ '4.5.0' ],
21 silly audit   long: [ '5.3.0' ],
21 silly audit   'lru-cache': [ '10.4.3' ],
21 silly audit   'lucide-react': [ '0.475.0' ],
21 silly audit   'math-intrinsics': [ '1.1.0' ],
21 silly audit   merge2: [ '1.4.1' ],
21 silly audit   micromatch: [ '4.0.8' ],
21 silly audit   'mime-db': [ '1.52.0' ],
21 silly audit   'mime-types': [ '2.1.35' ],
21 silly audit   minimatch: [ '9.0.5', '3.1.2' ],
21 silly audit   minimist: [ '1.2.8' ],
21 silly audit   minipass: [ '7.1.2' ],
21 silly audit   mnemonist: [ '0.38.3' ],
21 silly audit   mz: [ '2.7.0' ],
21 silly audit   nanoid: [ '3.3.8' ],
21 silly audit   next: [ '15.5.9' ],
21 silly audit   'next-themes': [ '0.4.6' ],
21 silly audit   postcss: [ '8.4.31', '8.5.2' ],
21 silly audit   'normalize-path': [ '3.0.0' ],
21 silly audit   'object-assign': [ '4.1.1' ],
21 silly audit   'object-hash': [ '3.0.0' ],
21 silly audit   'object-keys': [ '1.1.1' ],
21 silly audit   obliterator: [ '1.6.1' ],
21 silly audit   once: [ '1.4.0' ],
21 silly audit   'os-tmpdir': [ '1.0.2' ],
21 silly audit   'package-json-from-dist': [ '1.0.1' ],
21 silly audit   'patch-package': [ '8.0.0' ],
21 silly audit   'is-wsl': [ '2.2.0' ],
21 silly audit   open: [ '7.4.2' ],
21 silly audit   'path-is-absolute': [ '1.0.1' ],
21 silly audit   'path-key': [ '3.1.1' ],
21 silly audit   'path-parse': [ '1.0.7' ],
21 silly audit   'path-scurry': [ '1.11.1' ],
21 silly audit   picocolors: [ '1.1.1' ],
21 silly audit   picomatch: [ '2.3.1' ],
21 silly audit   pify: [ '2.3.0' ],
21 silly audit   pirates: [ '4.0.6' ],
21 silly audit   'postcss-import': [ '15.1.0' ],
21 silly audit   'postcss-js': [ '4.0.1' ],
21 silly audit   'postcss-load-config': [ '4.0.2' ],
21 silly audit   'postcss-nested': [ '6.2.0' ],
21 silly audit   'postcss-selector-parser': [ '6.1.2' ],
21 silly audit   'postcss-value-parser': [ '4.2.0' ],
21 silly audit   process: [ '0.11.10' ],
21 silly audit   protobufjs: [ '7.5.4' ],
21 silly audit   'queue-microtask': [ '1.2.3' ],
21 silly audit   react: [ '19.2.1' ],
21 silly audit   'react-day-picker': [ '9.11.3' ],
21 silly audit   'react-dom': [ '19.2.1' ],
21 silly audit   'react-hook-form': [ '7.54.2' ],
21 silly audit   'react-remove-scroll': [ '2.6.3' ],
21 silly audit   'react-remove-scroll-bar': [ '2.3.8' ],
21 silly audit   'react-style-singleton': [ '2.2.3' ],
21 silly audit   'react-wrap-balancer': [ '1.1.1' ],
21 silly audit   'read-cache': [ '1.0.0' ],
21 silly audit   'readable-stream': [ '4.7.0' ],
21 silly audit   readdirp: [ '3.6.0' ],
21 silly audit   'require-directory': [ '2.1.1' ],
21 silly audit   resolve: [ '1.22.10' ],
21 silly audit   reusify: [ '1.0.4' ],
21 silly audit   rimraf: [ '2.7.1' ],
21 silly audit   'run-parallel': [ '1.2.0' ],
21 silly audit   rxjs: [ '7.8.2' ],
21 silly audit   'safe-buffer': [ '5.2.1' ],
21 silly audit   scheduler: [ '0.27.0' ],
21 silly audit   semver: [ '7.7.3' ],
21 silly audit   'set-function-length': [ '1.2.2' ],
21 silly audit   sharp: [ '0.34.5' ],
21 silly audit   'shebang-command': [ '2.0.0' ],
21 silly audit   'shebang-regex': [ '3.0.0' ],
21 silly audit   'signal-exit': [ '4.1.0' ],
21 silly audit   slash: [ '2.0.0' ],
21 silly audit   'source-map-js': [ '1.2.1' ],
21 silly audit   string_decoder: [ '1.3.0' ],
21 silly audit   strnum: [ '2.1.2' ],
21 silly audit   'styled-jsx': [ '5.1.6' ],
21 silly audit   sucrase: [ '3.35.0' ],
21 silly audit   'supports-color': [ '7.2.0' ],
21 silly audit   'supports-preserve-symlinks-flag': [ '1.0.0' ],
21 silly audit   'tailwind-merge': [ '3.0.1' ],
21 silly audit   tailwindcss: [ '3.4.17' ],
21 silly audit   'tailwindcss-animate': [ '1.0.7' ],
21 silly audit   thenify: [ '3.3.1' ],
21 silly audit   'thenify-all': [ '1.6.0' ],
21 silly audit   tmp: [ '0.0.33' ],
21 silly audit   'to-regex-range': [ '5.0.1' ],
21 silly audit   'ts-interface-checker': [ '0.1.13' ],
21 silly audit   tslib: [ '2.8.1' ],
21 silly audit   typescript: [ '5.7.3' ],
21 silly audit   ulid: [ '2.4.0' ],
21 silly audit   'undici-types': [ '6.19.8' ],
21 silly audit   universalify: [ '2.0.1' ],
21 silly audit   'use-callback-ref': [ '1.3.3' ],
21 silly audit   'use-sidecar': [ '1.1.3' ],
21 silly audit   'util-deprecate': [ '1.0.2' ],
21 silly audit   'web-vitals': [ '4.2.4' ],
21 silly audit   'websocket-driver': [ '0.7.4' ],
21 silly audit   'websocket-extensions': [ '0.1.4' ],
21 silly audit   which: [ '2.0.2' ],
21 silly audit   wrappy: [ '1.0.2' ],
21 silly audit   y18n: [ '5.0.8' ],
21 silly audit   yaml: [ '2.8.0' ],
21 silly audit   yargs: [ '17.7.2' ],
21 silly audit   zod: [ '3.24.2' ],
21 silly audit   '@google/generative-ai': [ '0.24.1' ]
21 silly audit }
22 verbose reify failed optional dependency D:\Projects\PodcastAI\PodcastAI\node_modules\fsevents
23 silly reify mark deleted [ 'D:\\Projects\\PodcastAI\\PodcastAI\\node_modules\\fsevents' ]
24 verbose reify failed optional dependency D:\Projects\PodcastAI\PodcastAI\node_modules\@next\swc-win32-arm64-msvc
25 silly reify mark deleted [
25 silly reify   'D:\\Projects\\PodcastAI\\PodcastAI\\node_modules\\@next\\swc-win32-arm64-msvc'
25 silly reify ]
26 verbose reify failed optional dependency D:\Projects\PodcastAI\PodcastAI\node_modules\@next\swc-linux-x64-musl
27 silly reify mark deleted [
27 silly reify   'D:\\Projects\\PodcastAI\\PodcastAI\\node_modules\\@next\\swc-linux-x64-musl'
27 silly reify ]
28 verbose reify failed optional dependency D:\Projects\PodcastAI\PodcastAI\node_modules\@next\swc-linux-x64-gnu
29 silly reify mark deleted [
29 silly reify   'D:\\Projects\\PodcastAI\\PodcastAI\\node_modules\\@next\\swc-linux-x64-gnu'
29 silly reify ]
30 verbose reify failed optional dependency D:\Projects\PodcastAI\PodcastAI\node_modules\@next\swc-linux-arm64-musl
31 silly reify mark deleted [
31 silly reify   'D:\\Projects\\PodcastAI\\PodcastAI\\node_modules\\@next\\swc-linux-arm64-musl'
31 silly reify ]
32 verbose reify failed optional dependency D:\Projects\PodcastAI\PodcastAI\node_modules\@next\swc-linux-arm64-gnu
33 silly reify mark deleted [
33 silly reify   'D:\\Projects\\PodcastAI\\PodcastAI\\node_modules\\@next\\swc-linux-arm64-gnu'
33 silly reify ]
34 verbose reify failed optional dependency D:\Projects\PodcastAI\PodcastAI\node_modules\@next\swc-darwin-x64
35 silly reify mark deleted [
35 silly reify   'D:\\Projects\\PodcastAI\\PodcastAI\\node_modules\\@next\\swc-darwin-x64'
35 silly reify ]
36 verbose reify failed optional dependency D:\Projects\PodcastAI\PodcastAI\node_modules\@next\swc-darwin-arm64
37 silly reify mark deleted [
37 silly reify   'D:\\Projects\\PodcastAI\\PodcastAI\\node_modules\\@next\\swc-darwin-arm64'
37 silly reify ]
38 verbose reify failed optional dependency D:\Projects\PodcastAI\PodcastAI\node_modules\@img\sharp-win32-ia32
39 silly reify mark deleted [
39 silly reify   'D:\\Projects\\PodcastAI\\PodcastAI\\node_modules\\@img\\sharp-win32-ia32'
39 silly reify ]
40 verbose reify failed optional dependency D:\Projects\PodcastAI\PodcastAI\node_modules\@img\sharp-win32-arm64
41 silly reify mark deleted [
41 silly reify   'D:\\Projects\\PodcastAI\\PodcastAI\\node_modules\\@img\\sharp-win32-arm64'
41 silly reify ]
42 verbose reify failed optional dependency D:\Projects\PodcastAI\PodcastAI\node_modules\@img\sharp-wasm32
43 silly reify mark deleted [
43 silly reify   'D:\\Projects\\PodcastAI\\PodcastAI\\node_modules\\@img\\sharp-wasm32'
43 silly reify ]
44 verbose reify failed optional dependency D:\Projects\PodcastAI\PodcastAI\node_modules\@emnapi\runtime
45 silly reify mark deleted [
45 silly reify   'D:\\Projects\\PodcastAI\\PodcastAI\\node_modules\\@emnapi\\runtime'
45 silly reify ]
46 verbose reify failed optional dependency D:\Projects\PodcastAI\PodcastAI\node_modules\@img\sharp-linuxmusl-x64
47 silly reify mark deleted [
47 silly reify   'D:\\Projects\\PodcastAI\\PodcastAI\\node_modules\\@img\\sharp-linuxmusl-x64'
47 silly reify ]
48 verbose reify failed optional dependency D:\Projects\PodcastAI\PodcastAI\node_modules\@img\sharp-linuxmusl-arm64
49 silly reify mark deleted [
49 silly reify   'D:\\Projects\\PodcastAI\\PodcastAI\\node_modules\\@img\\sharp-linuxmusl-arm64'
49 silly reify ]
50 verbose reify failed optional dependency D:\Projects\PodcastAI\PodcastAI\node_modules\@img\sharp-linux-x64
51 silly reify mark deleted [
51 silly reify   'D:\\Projects\\PodcastAI\\PodcastAI\\node_modules\\@img\\sharp-linux-x64'
51 silly reify ]
52 verbose reify failed optional dependency D:\Projects\PodcastAI\PodcastAI\node_modules\@img\sharp-linux-s390x
53 silly reify mark deleted [
53 silly reify   'D:\\Projects\\PodcastAI\\PodcastAI\\node_modules\\@img\\sharp-linux-s390x'
53 silly reify ]
54 verbose reify failed optional dependency D:\Projects\PodcastAI\PodcastAI\node_modules\@img\sharp-linux-riscv64
55 silly reify mark deleted [
55 silly reify   'D:\\Projects\\PodcastAI\\PodcastAI\\node_modules\\@img\\sharp-linux-riscv64'
55 silly reify ]
56 verbose reify failed optional dependency D:\Projects\PodcastAI\PodcastAI\node_modules\@img\sharp-linux-ppc64
57 silly reify mark deleted [
57 silly reify   'D:\\Projects\\PodcastAI\\PodcastAI\\node_modules\\@img\\sharp-linux-ppc64'
57 silly reify ]
58 verbose reify failed optional dependency D:\Projects\PodcastAI\PodcastAI\node_modules\@img\sharp-linux-arm64
59 silly reify mark deleted [
59 silly reify   'D:\\Projects\\PodcastAI\\PodcastAI\\node_modules\\@img\\sharp-linux-arm64'
59 silly reify ]
60 verbose reify failed optional dependency D:\Projects\PodcastAI\PodcastAI\node_modules\@img\sharp-linux-arm
61 silly reify mark deleted [
61 silly reify   'D:\\Projects\\PodcastAI\\PodcastAI\\node_modules\\@img\\sharp-linux-arm'
61 silly reify ]
62 verbose reify failed optional dependency D:\Projects\PodcastAI\PodcastAI\node_modules\@img\sharp-libvips-linuxmusl-x64
63 silly reify mark deleted [
63 silly reify   'D:\\Projects\\PodcastAI\\PodcastAI\\node_modules\\@img\\sharp-libvips-linuxmusl-x64'
63 silly reify ]
64 verbose reify failed optional dependency D:\Projects\PodcastAI\PodcastAI\node_modules\@img\sharp-libvips-linuxmusl-arm64
65 silly reify mark deleted [
65 silly reify   'D:\\Projects\\PodcastAI\\PodcastAI\\node_modules\\@img\\sharp-libvips-linuxmusl-arm64'
65 silly reify ]
66 verbose reify failed optional dependency D:\Projects\PodcastAI\PodcastAI\node_modules\@img\sharp-libvips-linux-x64
67 silly reify mark deleted [
67 silly reify   'D:\\Projects\\PodcastAI\\PodcastAI\\node_modules\\@img\\sharp-libvips-linux-x64'
67 silly reify ]
68 verbose reify failed optional dependency D:\Projects\PodcastAI\PodcastAI\node_modules\@img\sharp-libvips-linux-s390x
69 silly reify mark deleted [
69 silly reify   'D:\\Projects\\PodcastAI\\PodcastAI\\node_modules\\@img\\sharp-libvips-linux-s390x'
69 silly reify ]
70 verbose reify failed optional dependency D:\Projects\PodcastAI\PodcastAI\node_modules\@img\sharp-libvips-linux-riscv64
71 silly reify mark deleted [
71 silly reify   'D:\\Projects\\PodcastAI\\PodcastAI\\node_modules\\@img\\sharp-libvips-linux-riscv64'
71 silly reify ]
72 verbose reify failed optional dependency D:\Projects\PodcastAI\PodcastAI\node_modules\@img\sharp-libvips-linux-ppc64
73 silly reify mark deleted [
73 silly reify   'D:\\Projects\\PodcastAI\\PodcastAI\\node_modules\\@img\\sharp-libvips-linux-ppc64'
73 silly reify ]
74 verbose reify failed optional dependency D:\Projects\PodcastAI\PodcastAI\node_modules\@img\sharp-libvips-linux-arm64
75 silly reify mark deleted [
75 silly reify   'D:\\Projects\\PodcastAI\\PodcastAI\\node_modules\\@img\\sharp-libvips-linux-arm64'
75 silly reify ]
76 verbose reify failed optional dependency D:\Projects\PodcastAI\PodcastAI\node_modules\@img\sharp-libvips-linux-arm
77 silly reify mark deleted [
77 silly reify   'D:\\Projects\\PodcastAI\\PodcastAI\\node_modules\\@img\\sharp-libvips-linux-arm'
77 silly reify ]
78 verbose reify failed optional dependency D:\Projects\PodcastAI\PodcastAI\node_modules\@img\sharp-libvips-darwin-x64
79 silly reify mark deleted [
79 silly reify   'D:\\Projects\\PodcastAI\\PodcastAI\\node_modules\\@img\\sharp-libvips-darwin-x64'
79 silly reify ]
80 verbose reify failed optional dependency D:\Projects\PodcastAI\PodcastAI\node_modules\@img\sharp-libvips-darwin-arm64
81 silly reify mark deleted [
81 silly reify   'D:\\Projects\\PodcastAI\\PodcastAI\\node_modules\\@img\\sharp-libvips-darwin-arm64'
81 silly reify ]
82 verbose reify failed optional dependency D:\Projects\PodcastAI\PodcastAI\node_modules\@img\sharp-darwin-x64
83 silly reify mark deleted [
83 silly reify   'D:\\Projects\\PodcastAI\\PodcastAI\\node_modules\\@img\\sharp-darwin-x64'
83 silly reify ]
84 verbose reify failed optional dependency D:\Projects\PodcastAI\PodcastAI\node_modules\@img\sharp-darwin-arm64
85 silly reify mark deleted [
85 silly reify   'D:\\Projects\\PodcastAI\\PodcastAI\\node_modules\\@img\\sharp-darwin-arm64'
85 silly reify ]
86 http cache @emnapi/runtime@https://registry.npmjs.org/@emnapi/runtime/-/runtime-1.7.1.tgz 1ms (cache hit)
87 http fetch POST 200 https://registry.npmjs.org/-/npm/v1/security/advisories/bulk 493ms
88 silly audit report {
88 silly audit report   'fast-xml-parser': [
88 silly audit report     {
88 silly audit report       id: 1113666,
88 silly audit report       url: 'https://github.com/advisories/GHSA-fj3w-jwp8-x2g3',
88 silly audit report       title: 'fast-xml-parser has stack overflow in XMLBuilder with preserveOrder',
88 silly audit report       severity: 'low',
88 silly audit report       vulnerable_versions: '>=5.0.0 <5.3.8',
88 silly audit report       cwe: [Array],
88 silly audit report       cvss: [Object]
88 silly audit report     }
88 silly audit report   ],
88 silly audit report   'brace-expansion': [
88 silly audit report     {
88 silly audit report       id: 1105443,
88 silly audit report       url: 'https://github.com/advisories/GHSA-v6h2-p8h4-qcjw',
88 silly audit report       title: 'brace-expansion Regular Expression Denial of Service vulnerability',
88 silly audit report       severity: 'low',
88 silly audit report       vulnerable_versions: '>=1.0.0 <=1.1.11',
88 silly audit report       cwe: [Array],
88 silly audit report       cvss: [Object]
88 silly audit report     },
88 silly audit report     {
88 silly audit report       id: 1105444,
88 silly audit report       url: 'https://github.com/advisories/GHSA-v6h2-p8h4-qcjw',
88 silly audit report       title: 'brace-expansion Regular Expression Denial of Service vulnerability',
88 silly audit report       severity: 'low',
88 silly audit report       vulnerable_versions: '>=2.0.0 <=2.0.1',
88 silly audit report       cwe: [Array],
88 silly audit report       cvss: [Object]
88 silly audit report     }
88 silly audit report   ],
88 silly audit report   glob: [
88 silly audit report     {
88 silly audit report       id: 1109842,
88 silly audit report       url: 'https://github.com/advisories/GHSA-5j98-mcp5-4vw2',
88 silly audit report       title: 'glob CLI: Command injection via -c/--cmd executes matches with shell:true',
88 silly audit report       severity: 'high',
88 silly audit report       vulnerable_versions: '>=10.2.0 <10.5.0',
88 silly audit report       cwe: [Array],
88 silly audit report       cvss: [Object]
88 silly audit report     }
88 silly audit report   ],
88 silly audit report   minimatch: [
88 silly audit report     {
88 silly audit report       id: 1113459,
88 silly audit report       url: 'https://github.com/advisories/GHSA-3ppc-4f35-3m26',
88 silly audit report       title: 'minimatch has a ReDoS via repeated wildcards with non-matching literal in pattern',
88 silly audit report       severity: 'high',
88 silly audit report       vulnerable_versions: '<3.1.3',
88 silly audit report       cwe: [Array],
88 silly audit report       cvss: [Object]
88 silly audit report     },
88 silly audit report     {
88 silly audit report       id: 1113465,
88 silly audit report       url: 'https://github.com/advisories/GHSA-3ppc-4f35-3m26',
88 silly audit report       title: 'minimatch has a ReDoS via repeated wildcards with non-matching literal in pattern',
88 silly audit report       severity: 'high',
88 silly audit report       vulnerable_versions: '>=9.0.0 <9.0.6',
88 silly audit report       cwe: [Array],
88 silly audit report       cvss: [Object]
88 silly audit report     },
88 silly audit report     {
88 silly audit report       id: 1113538,
88 silly audit report       url: 'https://github.com/advisories/GHSA-7r86-cg39-jmmj',
88 silly audit report       title: 'minimatch has ReDoS: matchOne() combinatorial backtracking via multiple non-adjacent GLOBSTAR segments',
88 silly audit report       severity: 'high',
88 silly audit report       vulnerable_versions: '<3.1.3',
88 silly audit report       cwe: [Array],
88 silly audit report       cvss: [Object]
88 silly audit report     },
88 silly audit report     {
88 silly audit report       id: 1113544,
88 silly audit report       url: 'https://github.com/advisories/GHSA-7r86-cg39-jmmj',
88 silly audit report       title: 'minimatch has ReDoS: matchOne() combinatorial backtracking via multiple non-adjacent GLOBSTAR segments',
88 silly audit report       severity: 'high',
88 silly audit report       vulnerable_versions: '>=9.0.0 <9.0.7',
88 silly audit report       cwe: [Array],
88 silly audit report       cvss: [Object]
88 silly audit report     },
88 silly audit report     {
88 silly audit report       id: 1113546,
88 silly audit report       url: 'https://github.com/advisories/GHSA-23c5-xmqv-rm74',
88 silly audit report       title: 'minimatch ReDoS: nested *() extglobs generate catastrophically backtracking regular expressions',
88 silly audit report       severity: 'high',
88 silly audit report       vulnerable_versions: '<3.1.4',
88 silly audit report       cwe: [Array],
88 silly audit report       cvss: [Object]
88 silly audit report     },
88 silly audit report     {
88 silly audit report       id: 1113552,
88 silly audit report       url: 'https://github.com/advisories/GHSA-23c5-xmqv-rm74',
88 silly audit report       title: 'minimatch ReDoS: nested *() extglobs generate catastrophically backtracking regular expressions',
88 silly audit report       severity: 'high',
88 silly audit report       vulnerable_versions: '>=9.0.0 <9.0.7',
88 silly audit report       cwe: [Array],
88 silly audit report       cvss: [Object]
88 silly audit report     }
88 silly audit report   ],
88 silly audit report   next: [
88 silly audit report     {
88 silly audit report       id: 1112593,
88 silly audit report       url: 'https://github.com/advisories/GHSA-9g9p-9gw9-jx7f',
88 silly audit report       title: 'Next.js self-hosted applications vulnerable to DoS via Image Optimizer remotePatterns configuration',
88 silly audit report       severity: 'moderate',
88 silly audit report       vulnerable_versions: '>=10.0.0 <15.5.10',
88 silly audit report       cwe: [Array],
88 silly audit report       cvss: [Object]
88 silly audit report     },
88 silly audit report     {
88 silly audit report       id: 1112648,
88 silly audit report       url: 'https://github.com/advisories/GHSA-h25m-26qc-wcjf',
88 silly audit report       title: 'Next.js HTTP request deserialization can lead to DoS when using insecure React Server Components',
88 silly audit report       severity: 'high',
88 silly audit report       vulnerable_versions: '>=15.5.1-canary.0 <15.5.10',
88 silly audit report       cwe: [Array],
88 silly audit report       cvss: [Object]
88 silly audit report     }
88 silly audit report   ],
88 silly audit report   tmp: [
88 silly audit report     {
88 silly audit report       id: 1109537,
88 silly audit report       url: 'https://github.com/advisories/GHSA-52f5-9888-hmc6',
88 silly audit report       title: 'tmp allows arbitrary temporary file / directory write via symbolic link `dir` parameter',
88 silly audit report       severity: 'low',
88 silly audit report       vulnerable_versions: '<=0.2.3',
88 silly audit report       cwe: [Array],
88 silly audit report       cvss: [Object]
88 silly audit report     }
88 silly audit report   ]
88 silly audit report }
89 silly packumentCache corgi:https://registry.npmjs.org/fast-xml-parser cache-miss
90 silly packumentCache corgi:https://registry.npmjs.org/brace-expansion cache-miss
91 silly packumentCache corgi:https://registry.npmjs.org/glob cache-miss
92 silly packumentCache corgi:https://registry.npmjs.org/minimatch cache-miss
93 silly packumentCache corgi:https://registry.npmjs.org/next cache-miss
94 silly packumentCache corgi:https://registry.npmjs.org/tmp cache-miss
95 http fetch GET 200 https://registry.npmjs.org/fast-xml-parser 355ms (cache revalidated)
96 silly packumentCache corgi:https://registry.npmjs.org/fast-xml-parser set size:232762 disposed:false
97 http fetch GET 200 https://registry.npmjs.org/minimatch 483ms (cache revalidated)
98 silly packumentCache corgi:https://registry.npmjs.org/minimatch set size:167610 disposed:false
99 http fetch GET 200 https://registry.npmjs.org/glob 496ms (cache revalidated)
100 silly packumentCache corgi:https://registry.npmjs.org/glob set size:199194 disposed:false
101 http fetch GET 200 https://registry.npmjs.org/brace-expansion 503ms (cache revalidated)
102 silly packumentCache corgi:https://registry.npmjs.org/brace-expansion set size:18511 disposed:false
103 http fetch GET 200 https://registry.npmjs.org/tmp 503ms (cache revalidated)
104 silly packumentCache corgi:https://registry.npmjs.org/tmp set size:23979 disposed:false
105 http fetch GET 200 https://registry.npmjs.org/next 1093ms (cache updated)
106 silly packumentCache corgi:https://registry.npmjs.org/next set size:undefined disposed:false
107 silly packumentCache corgi:https://registry.npmjs.org/@aws-sdk%2fxml-builder cache-miss
108 http fetch GET 200 https://registry.npmjs.org/@aws-sdk%2fxml-builder 114ms (cache updated)
109 silly packumentCache corgi:https://registry.npmjs.org/@aws-sdk%2fxml-builder set size:undefined disposed:false
110 silly packumentCache corgi:https://registry.npmjs.org/sucrase cache-miss
111 http fetch GET 200 https://registry.npmjs.org/sucrase 107ms (cache revalidated)
112 silly packumentCache corgi:https://registry.npmjs.org/sucrase set size:163085 disposed:false
113 silly packumentCache corgi:https://registry.npmjs.org/patch-package cache-miss
114 http fetch GET 200 https://registry.npmjs.org/patch-package 391ms (cache revalidated)
115 silly packumentCache corgi:https://registry.npmjs.org/patch-package set size:158395 disposed:false
116 silly packumentCache corgi:https://registry.npmjs.org/@aws-sdk%2fcore cache-miss
117 http fetch GET 200 https://registry.npmjs.org/@aws-sdk%2fcore 138ms (cache updated)
118 silly packumentCache corgi:https://registry.npmjs.org/@aws-sdk%2fcore set size:undefined disposed:false
119 silly ADD
120 silly ADD
121 silly ADD
122 silly ADD
123 silly ADD
124 silly ADD
125 silly ADD
126 silly ADD
127 silly ADD
128 silly ADD
129 silly ADD
130 silly ADD
131 silly ADD
132 silly ADD
133 silly ADD
134 silly ADD
135 silly ADD
136 silly ADD
137 silly ADD
138 silly ADD
139 silly ADD
140 silly ADD
141 silly ADD
142 silly ADD
143 silly ADD
144 silly ADD
145 silly ADD
146 silly ADD
147 silly ADD
148 silly ADD
149 silly ADD
150 silly ADD
151 verbose cwd D:\Projects\PodcastAI\PodcastAI
152 verbose os Windows_NT 10.0.26200
153 verbose node v22.19.0
154 verbose npm  v10.9.3
155 verbose exit 0
156 info ok
