0 verbose cli C:\Program Files\nodejs\node.exe C:\Program Files\nodejs\node_modules\npm\bin\npm-cli.js
1 info using npm@10.9.3
2 info using node@v22.19.0
3 silly config load:file:C:\Program Files\nodejs\node_modules\npm\npmrc
4 silly config load:file:D:\Projects\PodcastAI\PodcastAI\.npmrc
5 silly config load:file:C:\Users\Asus\.npmrc
6 silly config load:file:D:\Projects\PodcastAI\PodcastAI\%USERPROFILE%\npm\etc\npmrc
7 verbose title npm install googleapis
8 verbose argv "install" "googleapis"
9 verbose logfile logs-max:10 dir:D:\Projects\PodcastAI\PodcastAI\%USERPROFILE%\npm-cache\_logs\2026-03-06T06_45_45_469Z-
10 verbose logfile D:\Projects\PodcastAI\PodcastAI\%USERPROFILE%\npm-cache\_logs\2026-03-06T06_45_45_469Z-debug-0.log
11 silly logfile start cleaning logs, removing 1 files
12 silly packumentCache heap:2197815296 maxSize:549453824 maxEntrySize:274726912
13 silly logfile done cleaning log files
14 silly idealTree buildDeps
15 silly fetch manifest googleapis@*
16 silly packumentCache full:https://registry.npmjs.org/googleapis cache-miss
17 http fetch GET 200 https://registry.npmjs.org/googleapis 706ms (cache miss)
18 silly packumentCache full:https://registry.npmjs.org/googleapis set size:undefined disposed:false
19 silly placeDep ROOT googleapis@171.4.0 OK for: nextn@0.1.0 want: *
20 silly fetch manifest google-auth-library@^10.2.0
21 silly packumentCache full:https://registry.npmjs.org/google-auth-library cache-miss
22 silly fetch manifest googleapis-common@^8.0.0
23 silly packumentCache full:https://registry.npmjs.org/googleapis-common cache-miss
24 http fetch GET 200 https://registry.npmjs.org/google-auth-library 113ms (cache miss)
25 silly packumentCache full:https://registry.npmjs.org/google-auth-library set size:undefined disposed:false
26 http fetch GET 200 https://registry.npmjs.org/googleapis-common 1983ms (cache miss)
27 silly packumentCache full:https://registry.npmjs.org/googleapis-common set size:undefined disposed:false
28 silly placeDep ROOT google-auth-library@10.6.1 OK for: googleapis@171.4.0 want: ^10.2.0
29 silly placeDep ROOT googleapis-common@8.0.1 OK for: googleapis@171.4.0 want: ^8.0.0
30 silly fetch manifest ecdsa-sig-formatter@^1.0.11
31 silly packumentCache full:https://registry.npmjs.org/ecdsa-sig-formatter cache-miss
32 silly fetch manifest gaxios@7.1.3
33 silly packumentCache full:https://registry.npmjs.org/gaxios cache-miss
34 silly fetch manifest gcp-metadata@8.1.2
35 silly packumentCache full:https://registry.npmjs.org/gcp-metadata cache-miss
36 silly fetch manifest google-logging-utils@1.1.3
37 silly packumentCache full:https://registry.npmjs.org/google-logging-utils cache-miss
38 silly fetch manifest jws@^4.0.0
39 silly packumentCache full:https://registry.npmjs.org/jws cache-miss
40 silly fetch manifest extend@^3.0.2
41 silly packumentCache full:https://registry.npmjs.org/extend cache-miss
42 silly fetch manifest gaxios@^7.0.0-rc.4
43 silly packumentCache full:https://registry.npmjs.org/gaxios cache-miss
44 http fetch GET 200 https://registry.npmjs.org/ecdsa-sig-formatter 70ms (cache miss)
45 silly packumentCache full:https://registry.npmjs.org/ecdsa-sig-formatter set size:undefined disposed:false
46 silly fetch manifest qs@^6.7.0
47 silly packumentCache full:https://registry.npmjs.org/qs cache-miss
48 http fetch GET 200 https://registry.npmjs.org/qs 94ms (cache miss)
49 silly packumentCache full:https://registry.npmjs.org/qs set size:undefined disposed:false
50 silly fetch manifest url-template@^2.0.8
51 silly packumentCache full:https://registry.npmjs.org/url-template cache-miss
52 http fetch GET 200 https://registry.npmjs.org/jws 198ms (cache miss)
53 silly packumentCache full:https://registry.npmjs.org/jws set size:undefined disposed:false
54 http fetch GET 200 https://registry.npmjs.org/extend 203ms (cache miss)
55 silly packumentCache full:https://registry.npmjs.org/extend set size:undefined disposed:false
56 http fetch GET 200 https://registry.npmjs.org/gcp-metadata 220ms (cache miss)
57 silly packumentCache full:https://registry.npmjs.org/gcp-metadata set size:undefined disposed:false
58 http fetch GET 200 https://registry.npmjs.org/google-logging-utils 223ms (cache miss)
59 silly packumentCache full:https://registry.npmjs.org/google-logging-utils set size:undefined disposed:false
60 http fetch GET 200 https://registry.npmjs.org/url-template 82ms (cache miss)
61 silly packumentCache full:https://registry.npmjs.org/url-template set size:undefined disposed:false
62 http fetch GET 200 https://registry.npmjs.org/gaxios 382ms (cache miss)
63 silly packumentCache full:https://registry.npmjs.org/gaxios set size:undefined disposed:false
64 http fetch GET 200 https://registry.npmjs.org/gaxios 549ms (cache miss)
65 silly packumentCache full:https://registry.npmjs.org/gaxios set size:undefined disposed:false
66 silly placeDep ROOT ecdsa-sig-formatter@1.0.11 OK for: google-auth-library@10.6.1 want: ^1.0.11
67 silly placeDep ROOT gaxios@7.1.3 OK for: google-auth-library@10.6.1 want: 7.1.3
68 silly placeDep ROOT gcp-metadata@8.1.2 OK for: google-auth-library@10.6.1 want: 8.1.2
69 silly placeDep ROOT google-logging-utils@1.1.3 OK for: google-auth-library@10.6.1 want: 1.1.3
70 silly placeDep ROOT jws@4.0.1 OK for: google-auth-library@10.6.1 want: ^4.0.0
71 silly fetch manifest rimraf@^5.0.1
72 silly packumentCache full:https://registry.npmjs.org/rimraf cache-miss
73 silly fetch manifest node-fetch@^3.3.2
74 silly packumentCache full:https://registry.npmjs.org/node-fetch cache-miss
75 silly fetch manifest https-proxy-agent@^7.0.1
76 silly packumentCache full:https://registry.npmjs.org/https-proxy-agent cache-miss
77 silly fetch manifest google-logging-utils@^1.0.0
78 silly packumentCache full:https://registry.npmjs.org/google-logging-utils cache-miss
79 silly fetch manifest json-bigint@^1.0.0
80 silly packumentCache full:https://registry.npmjs.org/json-bigint cache-miss
81 silly fetch manifest jwa@^2.0.1
82 silly packumentCache full:https://registry.npmjs.org/jwa cache-miss
83 http cache https://registry.npmjs.org/google-logging-utils 42ms (cache hit)
84 silly packumentCache full:https://registry.npmjs.org/google-logging-utils set size:21694 disposed:false
85 http fetch GET 200 https://registry.npmjs.org/json-bigint 146ms (cache miss)
86 silly packumentCache full:https://registry.npmjs.org/json-bigint set size:undefined disposed:false
87 http fetch GET 200 https://registry.npmjs.org/https-proxy-agent 154ms (cache miss)
88 silly packumentCache full:https://registry.npmjs.org/https-proxy-agent set size:undefined disposed:false
89 http fetch GET 200 https://registry.npmjs.org/rimraf 158ms (cache miss)
90 silly packumentCache full:https://registry.npmjs.org/rimraf set size:undefined disposed:false
91 http fetch GET 200 https://registry.npmjs.org/jwa 161ms (cache miss)
92 silly packumentCache full:https://registry.npmjs.org/jwa set size:undefined disposed:false
93 http fetch GET 200 https://registry.npmjs.org/node-fetch 197ms (cache miss)
94 silly packumentCache full:https://registry.npmjs.org/node-fetch set size:undefined disposed:false
95 silly placeDep ROOT extend@3.0.2 OK for: gaxios@7.1.3 want: ^3.0.2
96 silly placeDep ROOT https-proxy-agent@7.0.6 OK for: gaxios@7.1.3 want: ^7.0.1
97 silly placeDep ROOT node-fetch@3.3.2 OK for: gaxios@7.1.3 want: ^3.3.2
98 silly placeDep node_modules/gaxios rimraf@5.0.10 OK for: gaxios@7.1.3 want: ^5.0.1
99 silly fetch manifest debug@4
100 silly packumentCache full:https://registry.npmjs.org/debug cache-miss
101 silly fetch manifest agent-base@^7.1.2
102 silly packumentCache full:https://registry.npmjs.org/agent-base cache-miss
103 silly fetch manifest data-uri-to-buffer@^4.0.0
104 silly packumentCache full:https://registry.npmjs.org/data-uri-to-buffer cache-miss
105 silly fetch manifest fetch-blob@^3.1.4
106 silly packumentCache full:https://registry.npmjs.org/fetch-blob cache-miss
107 silly fetch manifest formdata-polyfill@^4.0.10
108 silly packumentCache full:https://registry.npmjs.org/formdata-polyfill cache-miss
109 http fetch GET 200 https://registry.npmjs.org/fetch-blob 95ms (cache miss)
110 silly packumentCache full:https://registry.npmjs.org/fetch-blob set size:undefined disposed:false
111 http fetch GET 200 https://registry.npmjs.org/agent-base 100ms (cache miss)
112 silly packumentCache full:https://registry.npmjs.org/agent-base set size:undefined disposed:false
113 http fetch GET 200 https://registry.npmjs.org/data-uri-to-buffer 102ms (cache miss)
114 silly packumentCache full:https://registry.npmjs.org/data-uri-to-buffer set size:undefined disposed:false
115 http fetch GET 200 https://registry.npmjs.org/debug 109ms (cache miss)
116 silly packumentCache full:https://registry.npmjs.org/debug set size:undefined disposed:false
117 http fetch GET 200 https://registry.npmjs.org/formdata-polyfill 111ms (cache miss)
118 silly packumentCache full:https://registry.npmjs.org/formdata-polyfill set size:undefined disposed:false
119 silly placeDep ROOT json-bigint@1.0.0 OK for: gcp-metadata@8.1.2 want: ^1.0.0
120 silly fetch manifest bignumber.js@^9.0.0
121 silly packumentCache full:https://registry.npmjs.org/bignumber.js cache-miss
122 http fetch GET 200 https://registry.npmjs.org/bignumber.js 103ms (cache miss)
123 silly packumentCache full:https://registry.npmjs.org/bignumber.js set size:undefined disposed:false
124 silly placeDep ROOT qs@6.15.0 OK for: googleapis-common@8.0.1 want: ^6.7.0
125 silly placeDep ROOT url-template@2.0.8 OK for: googleapis-common@8.0.1 want: ^2.0.8
126 silly fetch manifest side-channel@^1.1.0
127 silly packumentCache full:https://registry.npmjs.org/side-channel cache-miss
128 http fetch GET 200 https://registry.npmjs.org/side-channel 70ms (cache miss)
129 silly packumentCache full:https://registry.npmjs.org/side-channel set size:undefined disposed:false
130 silly placeDep ROOT agent-base@7.1.4 OK for: https-proxy-agent@7.0.6 want: ^7.1.2
131 silly placeDep ROOT debug@4.4.3 OK for: https-proxy-agent@7.0.6 want: 4
132 silly fetch manifest ms@^2.1.3
133 silly packumentCache full:https://registry.npmjs.org/ms cache-miss
134 http fetch GET 200 https://registry.npmjs.org/ms 88ms (cache miss)
135 silly packumentCache full:https://registry.npmjs.org/ms set size:undefined disposed:false
136 silly placeDep ROOT ms@2.1.3 OK for: debug@4.4.3 want: ^2.1.3
137 silly placeDep ROOT bignumber.js@9.3.1 OK for: json-bigint@1.0.0 want: ^9.0.0
138 silly placeDep ROOT jwa@2.0.1 OK for: jws@4.0.1 want: ^2.0.1
139 silly fetch manifest buffer-equal-constant-time@^1.0.1
140 silly packumentCache full:https://registry.npmjs.org/buffer-equal-constant-time cache-miss
141 http fetch GET 200 https://registry.npmjs.org/buffer-equal-constant-time 147ms (cache miss)
142 silly packumentCache full:https://registry.npmjs.org/buffer-equal-constant-time set size:undefined disposed:false
143 silly placeDep ROOT buffer-equal-constant-time@1.0.1 OK for: jwa@2.0.1 want: ^1.0.1
144 silly placeDep ROOT data-uri-to-buffer@4.0.1 OK for: node-fetch@3.3.2 want: ^4.0.0
145 silly placeDep ROOT fetch-blob@3.2.0 OK for: node-fetch@3.3.2 want: ^3.1.4
146 silly placeDep ROOT formdata-polyfill@4.0.10 OK for: node-fetch@3.3.2 want: ^4.0.10
147 silly fetch manifest node-domexception@^1.0.0
148 silly packumentCache full:https://registry.npmjs.org/node-domexception cache-miss
149 silly fetch manifest web-streams-polyfill@^3.0.3
150 silly packumentCache full:https://registry.npmjs.org/web-streams-polyfill cache-miss
151 http fetch GET 200 https://registry.npmjs.org/web-streams-polyfill 156ms (cache miss)
152 silly packumentCache full:https://registry.npmjs.org/web-streams-polyfill set size:undefined disposed:false
153 http fetch GET 200 https://registry.npmjs.org/node-domexception 178ms (cache miss)
154 silly packumentCache full:https://registry.npmjs.org/node-domexception set size:undefined disposed:false
155 silly placeDep ROOT node-domexception@1.0.0 OK for: fetch-blob@3.2.0 want: ^1.0.0
156 silly placeDep ROOT web-streams-polyfill@3.3.3 OK for: fetch-blob@3.2.0 want: ^3.0.3
157 silly placeDep ROOT side-channel@1.1.0 OK for: qs@6.15.0 want: ^1.1.0
158 silly fetch manifest object-inspect@^1.13.3
159 silly packumentCache full:https://registry.npmjs.org/object-inspect cache-miss
160 silly fetch manifest side-channel-list@^1.0.0
161 silly packumentCache full:https://registry.npmjs.org/side-channel-list cache-miss
162 silly fetch manifest side-channel-map@^1.0.1
163 silly packumentCache full:https://registry.npmjs.org/side-channel-map cache-miss
164 silly fetch manifest side-channel-weakmap@^1.0.2
165 silly packumentCache full:https://registry.npmjs.org/side-channel-weakmap cache-miss
166 http fetch GET 200 https://registry.npmjs.org/side-channel-map 59ms (cache miss)
167 silly packumentCache full:https://registry.npmjs.org/side-channel-map set size:undefined disposed:false
168 http fetch GET 200 https://registry.npmjs.org/side-channel-weakmap 60ms (cache miss)
169 silly packumentCache full:https://registry.npmjs.org/side-channel-weakmap set size:undefined disposed:false
170 http fetch GET 200 https://registry.npmjs.org/object-inspect 66ms (cache miss)
171 silly packumentCache full:https://registry.npmjs.org/object-inspect set size:undefined disposed:false
172 http fetch GET 200 https://registry.npmjs.org/side-channel-list 74ms (cache miss)
173 silly packumentCache full:https://registry.npmjs.org/side-channel-list set size:undefined disposed:false
174 silly placeDep ROOT object-inspect@1.13.4 OK for: side-channel@1.1.0 want: ^1.13.3
175 silly placeDep ROOT side-channel-list@1.0.0 OK for: side-channel@1.1.0 want: ^1.0.0
176 silly placeDep ROOT side-channel-map@1.0.1 OK for: side-channel@1.1.0 want: ^1.0.1
177 silly placeDep ROOT side-channel-weakmap@1.0.2 OK for: side-channel@1.1.0 want: ^1.0.2
178 silly reify moves {}
179 silly audit bulk request {
179 silly audit   '@alloc/quick-lru': [ '5.2.0' ],
179 silly audit   '@aws-amplify/analytics': [ '7.0.93' ],
179 silly audit   '@smithy/is-array-buffer': [ '2.2.0', '3.0.0', '4.2.1' ],
179 silly audit   '@smithy/util-buffer-from': [ '2.2.0', '3.0.0', '4.2.1' ],
179 silly audit   '@smithy/util-utf8': [ '2.0.0', '3.0.0', '2.3.0', '4.2.1' ],
179 silly audit   '@aws-amplify/api': [ '6.3.24' ],
179 silly audit   '@aws-amplify/api-graphql': [ '4.8.5' ],
179 silly audit   '@aws-sdk/types': [ '3.973.1', '3.973.4' ],
179 silly audit   uuid: [ '11.1.0', '13.0.0' ],
179 silly audit   '@aws-amplify/api-rest': [ '4.6.3' ],
179 silly audit   '@aws-amplify/core': [ '6.16.1' ],
179 silly audit   '@smithy/util-hex-encoding': [ '2.0.0', '4.2.1' ],
179 silly audit   '@aws-amplify/data-schema': [ '1.25.1' ],
179 silly audit   '@aws-amplify/data-schema-types': [ '1.2.1' ],
179 silly audit   '@smithy/util-base64': [ '3.0.0', '4.3.1' ],
179 silly audit   '@aws-amplify/datastore': [ '5.1.5' ],
179 silly audit   idb: [ '5.0.6', '7.1.1' ],
179 silly audit   '@aws-amplify/notifications': [ '2.0.93' ],
179 silly audit   '@aws-amplify/storage': [ '6.13.1' ],
179 silly audit   '@smithy/md5-js': [ '2.0.7', '4.2.10' ],
179 silly audit   '@smithy/types': [ '2.12.0', '4.13.0', '3.7.2' ],
179 silly audit   '@aws-crypto/crc32': [ '5.2.0' ],
179 silly audit   '@aws-crypto/crc32c': [ '5.2.0' ],
179 silly audit   '@aws-crypto/sha1-browser': [ '5.2.0' ],
179 silly audit   '@aws-crypto/sha256-browser': [ '5.2.0' ],
179 silly audit   '@aws-crypto/sha256-js': [ '5.2.0' ],
179 silly audit   '@aws-crypto/supports-web-crypto': [ '5.2.0' ],
179 silly audit   '@aws-crypto/util': [ '5.2.0' ],
179 silly audit   '@aws-sdk/client-bedrock-runtime': [ '3.1000.0' ],
179 silly audit   '@aws-sdk/token-providers': [ '3.1000.0', '3.999.0' ],
179 silly audit   '@aws-sdk/client-cognito-identity': [ '3.1000.0' ],
179 silly audit   '@aws-sdk/client-dynamodb': [ '3.1000.0' ],
179 silly audit   '@aws-sdk/client-firehose': [ '3.982.0' ],
179 silly audit   '@aws-sdk/util-endpoints': [ '3.982.0', '3.996.3' ],
179 silly audit   '@aws-sdk/client-kinesis': [ '3.982.0' ],
179 silly audit   '@aws-sdk/client-personalize-events': [ '3.982.0' ],
179 silly audit   '@aws-sdk/client-s3': [ '3.1000.0' ],
179 silly audit   '@aws-sdk/client-sagemaker': [ '3.1000.0' ],
179 silly audit   '@aws-sdk/client-transcribe': [ '3.1000.0' ],
179 silly audit   '@aws-sdk/core': [ '3.973.15' ],
179 silly audit   '@aws-sdk/crc64-nvme': [ '3.972.3' ],
179 silly audit   '@aws-sdk/credential-provider-cognito-identity': [ '3.972.6' ],
179 silly audit   '@aws-sdk/credential-provider-env': [ '3.972.13' ],
179 silly audit   '@aws-sdk/credential-provider-http': [ '3.972.15' ],
179 silly audit   '@aws-sdk/credential-provider-ini': [ '3.972.13' ],
179 silly audit   '@aws-sdk/credential-provider-login': [ '3.972.13' ],
179 silly audit   '@aws-sdk/credential-provider-node': [ '3.972.14' ],
179 silly audit   '@aws-sdk/credential-provider-process': [ '3.972.13' ],
179 silly audit   '@aws-sdk/credential-provider-sso': [ '3.972.13' ],
179 silly audit   '@aws-sdk/credential-provider-web-identity': [ '3.972.13' ],
179 silly audit   '@aws-sdk/credential-providers': [ '3.1000.0' ],
179 silly audit   '@aws-sdk/dynamodb-codec': [ '3.972.16' ],
179 silly audit   '@aws-sdk/endpoint-cache': [ '3.972.3' ],
179 silly audit   '@aws-sdk/eventstream-handler-node': [ '3.972.9' ],
179 silly audit   '@aws-sdk/lib-dynamodb': [ '3.1000.0' ],
179 silly audit   '@aws-sdk/middleware-bucket-endpoint': [ '3.972.6' ],
179 silly audit   '@aws-sdk/middleware-endpoint-discovery': [ '3.972.6' ],
179 silly audit   '@aws-sdk/middleware-eventstream': [ '3.972.6' ],
179 silly audit   '@aws-sdk/middleware-expect-continue': [ '3.972.6' ],
179 silly audit   '@aws-sdk/middleware-flexible-checksums': [ '3.973.1' ],
179 silly audit   '@aws-sdk/middleware-host-header': [ '3.972.6' ],
179 silly audit   '@aws-sdk/middleware-location-constraint': [ '3.972.6' ],
179 silly audit   '@aws-sdk/middleware-logger': [ '3.972.6' ],
179 silly audit   '@aws-sdk/middleware-recursion-detection': [ '3.972.6' ],
179 silly audit   '@aws-sdk/middleware-sdk-s3': [ '3.972.15' ],
179 silly audit   '@aws-sdk/middleware-ssec': [ '3.972.6' ],
179 silly audit   '@aws-sdk/middleware-user-agent': [ '3.972.15' ],
179 silly audit   '@aws-sdk/middleware-websocket': [ '3.972.10' ],
179 silly audit   '@aws-sdk/nested-clients': [ '3.996.3' ],
179 silly audit   '@aws-sdk/region-config-resolver': [ '3.972.6' ],
179 silly audit   '@aws-sdk/s3-request-presigner': [ '3.1000.0' ],
179 silly audit   '@aws-sdk/signature-v4-multi-region': [ '3.996.3' ],
179 silly audit   '@aws-sdk/util-arn-parser': [ '3.972.2' ],
179 silly audit   '@aws-sdk/util-dynamodb': [ '3.996.1' ],
179 silly audit   '@aws-sdk/util-format-url': [ '3.972.6' ],
179 silly audit   '@aws-sdk/util-locate-window': [ '3.965.4' ],
179 silly audit   '@aws-sdk/util-user-agent-browser': [ '3.972.6' ],
179 silly audit   '@aws-sdk/util-user-agent-node': [ '3.973.0' ],
179 silly audit   '@aws-sdk/xml-builder': [ '3.972.8' ],
179 silly audit   'fast-xml-parser': [ '5.3.6', '5.4.1' ],
179 silly audit   '@aws/lambda-invoke-store': [ '0.2.3' ],
179 silly audit   '@date-fns/tz': [ '1.4.1' ],
179 silly audit   '@emnapi/runtime': [ '1.7.1' ],
179 silly audit   '@firebase/ai': [ '1.4.0' ],
179 silly audit   '@firebase/analytics': [ '0.10.16' ],
179 silly audit   '@firebase/analytics-compat': [ '0.2.22' ],
179 silly audit   '@firebase/analytics-types': [ '0.8.3' ],
179 silly audit   '@firebase/app': [ '0.13.1' ],
179 silly audit   '@firebase/app-check': [ '0.10.0' ],
179 silly audit   '@firebase/app-check-compat': [ '0.3.25' ],
179 silly audit   '@firebase/app-check-interop-types': [ '0.3.3' ],
179 silly audit   '@firebase/app-check-types': [ '0.5.3' ],
179 silly audit   '@firebase/app-compat': [ '0.4.1' ],
179 silly audit   '@firebase/app-types': [ '0.9.3' ],
179 silly audit   '@firebase/auth-compat': [ '0.5.27' ],
179 silly audit   '@firebase/auth': [ '1.10.7' ],
179 silly audit   '@firebase/auth-interop-types': [ '0.2.4' ],
179 silly audit   '@firebase/auth-types': [ '0.13.0' ],
179 silly audit   '@firebase/component': [ '0.6.17' ],
179 silly audit   '@firebase/data-connect': [ '0.3.9' ],
179 silly audit   '@firebase/database': [ '1.0.19' ],
179 silly audit   '@firebase/database-compat': [ '2.0.10' ],
179 silly audit   '@firebase/database-types': [ '1.0.14' ],
179 silly audit   '@firebase/firestore': [ '4.7.17' ],
179 silly audit   '@firebase/firestore-compat': [ '0.3.52' ],
179 silly audit   '@firebase/firestore-types': [ '3.0.3' ],
179 silly audit   '@grpc/grpc-js': [ '1.9.15' ],
179 silly audit   '@firebase/functions': [ '0.12.8' ],
179 silly audit   '@firebase/functions-compat': [ '0.3.25' ],
179 silly audit   '@firebase/functions-types': [ '0.6.3' ],
179 silly audit   '@firebase/installations': [ '0.6.17' ],
179 silly audit   '@firebase/installations-compat': [ '0.2.17' ],
179 silly audit   '@firebase/installations-types': [ '0.5.3' ],
179 silly audit   '@firebase/logger': [ '0.4.4' ],
179 silly audit   '@firebase/messaging': [ '0.12.21' ],
179 silly audit   '@firebase/messaging-compat': [ '0.2.21' ],
179 silly audit   '@firebase/messaging-interop-types': [ '0.2.3' ],
179 silly audit   '@firebase/performance': [ '0.7.6' ],
179 silly audit   '@firebase/performance-compat': [ '0.2.19' ],
179 silly audit   '@firebase/performance-types': [ '0.2.3' ],
179 silly audit   '@firebase/remote-config': [ '0.6.4' ],
179 silly audit   '@firebase/remote-config-compat': [ '0.2.17' ],
179 silly audit   '@firebase/remote-config-types': [ '0.4.0' ],
179 silly audit   '@firebase/storage': [ '0.13.13' ],
179 silly audit   '@firebase/storage-compat': [ '0.3.23' ],
179 silly audit   '@firebase/storage-types': [ '0.8.3' ],
179 silly audit   '@firebase/util': [ '1.12.0' ],
179 silly audit   '@firebase/webchannel-wrapper': [ '1.0.3' ],
179 silly audit   '@floating-ui/core': [ '1.7.3' ],
179 silly audit   '@floating-ui/dom': [ '1.7.4' ],
179 silly audit   '@floating-ui/react-dom': [ '2.1.6' ],
179 silly audit   '@floating-ui/utils': [ '0.2.10' ],
179 silly audit   '@google/generative-ai': [ '0.24.1' ],
179 silly audit   '@grpc/proto-loader': [ '0.7.13' ],
179 silly audit   '@hookform/resolvers': [ '4.1.3' ],
179 silly audit   '@img/colour': [ '1.0.0' ],
179 silly audit   '@img/sharp-darwin-arm64': [ '0.34.5' ],
179 silly audit   '@img/sharp-darwin-x64': [ '0.34.5' ],
179 silly audit   '@img/sharp-libvips-darwin-arm64': [ '1.2.4' ],
179 silly audit   '@img/sharp-libvips-darwin-x64': [ '1.2.4' ],
179 silly audit   '@img/sharp-libvips-linux-arm': [ '1.2.4' ],
179 silly audit   '@img/sharp-libvips-linux-arm64': [ '1.2.4' ],
179 silly audit   '@img/sharp-libvips-linux-ppc64': [ '1.2.4' ],
179 silly audit   '@img/sharp-libvips-linux-riscv64': [ '1.2.4' ],
179 silly audit   '@img/sharp-libvips-linux-s390x': [ '1.2.4' ],
179 silly audit   '@img/sharp-libvips-linux-x64': [ '1.2.4' ],
179 silly audit   '@img/sharp-libvips-linuxmusl-arm64': [ '1.2.4' ],
179 silly audit   '@img/sharp-libvips-linuxmusl-x64': [ '1.2.4' ],
179 silly audit   '@img/sharp-linux-arm': [ '0.34.5' ],
179 silly audit   '@img/sharp-linux-arm64': [ '0.34.5' ],
179 silly audit   '@img/sharp-linux-ppc64': [ '0.34.5' ],
179 silly audit   '@img/sharp-linux-riscv64': [ '0.34.5' ],
179 silly audit   '@img/sharp-linux-s390x': [ '0.34.5' ],
179 silly audit   '@img/sharp-linux-x64': [ '0.34.5' ],
179 silly audit   '@img/sharp-linuxmusl-arm64': [ '0.34.5' ],
179 silly audit   '@img/sharp-linuxmusl-x64': [ '0.34.5' ],
179 silly audit   '@img/sharp-wasm32': [ '0.34.5' ],
179 silly audit   '@img/sharp-win32-arm64': [ '0.34.5' ],
179 silly audit   '@img/sharp-win32-ia32': [ '0.34.5' ],
179 silly audit   '@img/sharp-win32-x64': [ '0.34.5' ],
179 silly audit   '@isaacs/cliui': [ '8.0.2' ],
179 silly audit   '@jridgewell/gen-mapping': [ '0.3.8' ],
179 silly audit   '@jridgewell/resolve-uri': [ '3.1.2' ],
179 silly audit   '@jridgewell/set-array': [ '1.2.1' ],
179 silly audit   '@jridgewell/sourcemap-codec': [ '1.5.0' ],
179 silly audit   '@jridgewell/trace-mapping': [ '0.3.25' ],
179 silly audit   '@next/env': [ '15.5.9' ],
179 silly audit   '@next/swc-darwin-arm64': [ '15.5.7' ],
179 silly audit   '@next/swc-darwin-x64': [ '15.5.7' ],
179 silly audit   '@next/swc-linux-arm64-gnu': [ '15.5.7' ],
179 silly audit   '@next/swc-linux-arm64-musl': [ '15.5.7' ],
179 silly audit   '@next/swc-linux-x64-gnu': [ '15.5.7' ],
179 silly audit   '@next/swc-linux-x64-musl': [ '15.5.7' ],
179 silly audit   '@next/swc-win32-arm64-msvc': [ '15.5.7' ],
179 silly audit   '@next/swc-win32-x64-msvc': [ '15.5.7' ],
179 silly audit   '@nodelib/fs.scandir': [ '2.1.5' ],
179 silly audit   '@nodelib/fs.stat': [ '2.0.5' ],
179 silly audit   '@nodelib/fs.walk': [ '1.2.8' ],
179 silly audit   '@opentelemetry/api': [ '1.9.0' ],
179 silly audit   '@pkgjs/parseargs': [ '0.11.0' ],
179 silly audit   '@protobufjs/aspromise': [ '1.1.2' ],
179 silly audit   '@protobufjs/base64': [ '1.1.2' ],
179 silly audit   '@protobufjs/codegen': [ '2.0.4' ],
179 silly audit   '@protobufjs/eventemitter': [ '1.1.0' ],
179 silly audit   '@protobufjs/fetch': [ '1.1.0' ],
179 silly audit   '@protobufjs/float': [ '1.0.2' ],
179 silly audit   '@protobufjs/inquire': [ '1.1.0' ],
179 silly audit   '@protobufjs/path': [ '1.1.2' ],
179 silly audit   '@protobufjs/pool': [ '1.1.0' ],
179 silly audit   '@protobufjs/utf8': [ '1.1.0' ],
179 silly audit   '@radix-ui/number': [ '1.1.0' ],
179 silly audit   '@radix-ui/primitive': [ '1.1.1', '1.1.2', '1.1.3' ],
179 silly audit   '@radix-ui/react-accordion': [ '1.2.3' ],
179 silly audit   '@radix-ui/react-collapsible': [ '1.1.3', '1.1.11' ],
179 silly audit   '@radix-ui/react-alert-dialog': [ '1.1.6' ],
179 silly audit   '@radix-ui/react-dialog': [ '1.1.6', '1.1.15' ],
179 silly audit   '@radix-ui/react-dismissable-layer': [ '1.1.5', '1.1.11' ],
179 silly audit   '@radix-ui/react-focus-scope': [ '1.1.2', '1.1.7' ],
179 silly audit   '@radix-ui/react-portal': [ '1.1.4', '1.1.9' ],
179 silly audit   '@radix-ui/react-slot': [ '1.1.2', '1.2.3' ],
179 silly audit   '@radix-ui/react-use-escape-keydown': [ '1.1.0', '1.1.1' ],
179 silly audit   '@radix-ui/react-arrow': [ '1.1.2' ],
179 silly audit   '@radix-ui/react-avatar': [ '1.1.3' ],
179 silly audit   '@radix-ui/react-checkbox': [ '1.1.4' ],
179 silly audit   '@radix-ui/react-compose-refs': [ '1.1.2', '1.1.1' ],
179 silly audit   '@radix-ui/react-context': [ '1.1.2', '1.1.1' ],
179 silly audit   '@radix-ui/react-id': [ '1.1.1', '1.1.0' ],
179 silly audit   '@radix-ui/react-presence': [ '1.1.4', '1.1.5', '1.1.2' ],
179 silly audit   '@radix-ui/react-primitive': [ '2.1.3', '2.0.2' ],
179 silly audit   '@radix-ui/react-use-controllable-state': [ '1.2.2', '1.1.0' ],
179 silly audit   '@radix-ui/react-use-layout-effect': [ '1.1.1', '1.1.0' ],
179 silly audit   '@radix-ui/react-collection': [ '1.1.2' ],
179 silly audit   '@radix-ui/react-focus-guards': [ '1.1.3', '1.1.1' ],
179 silly audit   '@radix-ui/react-direction': [ '1.1.0' ],
179 silly audit   '@radix-ui/react-use-callback-ref': [ '1.1.1', '1.1.0' ],
179 silly audit   '@radix-ui/react-dropdown-menu': [ '2.1.6' ],
179 silly audit   '@radix-ui/react-label': [ '2.1.2' ],
179 silly audit   '@radix-ui/react-menu': [ '2.1.6' ],
179 silly audit   '@radix-ui/react-menubar': [ '1.1.6' ],
179 silly audit   '@radix-ui/react-popover': [ '1.1.6' ],
179 silly audit   '@radix-ui/react-popper': [ '1.2.2' ],
179 silly audit   '@radix-ui/react-progress': [ '1.1.2' ],
179 silly audit   '@radix-ui/react-radio-group': [ '1.2.3' ],
179 silly audit   '@radix-ui/react-roving-focus': [ '1.1.2' ],
179 silly audit   '@radix-ui/react-scroll-area': [ '1.2.3' ],
179 silly audit   '@radix-ui/react-select': [ '2.1.6' ],
179 silly audit   '@radix-ui/react-separator': [ '1.1.2' ],
179 silly audit   '@radix-ui/react-slider': [ '1.2.3' ],
179 silly audit   '@radix-ui/react-switch': [ '1.1.3' ],
179 silly audit   '@radix-ui/react-tabs': [ '1.1.3' ],
179 silly audit   '@radix-ui/react-toast': [ '1.2.6' ],
179 silly audit   '@radix-ui/react-tooltip': [ '1.1.8' ],
179 silly audit   '@radix-ui/react-use-effect-event': [ '0.0.2' ],
179 silly audit   '@radix-ui/react-use-previous': [ '1.1.0' ],
179 silly audit   '@radix-ui/react-use-rect': [ '1.1.0' ],
179 silly audit   '@radix-ui/react-use-size': [ '1.1.0' ],
179 silly audit   '@radix-ui/react-visually-hidden': [ '1.1.2' ],
179 silly audit   '@radix-ui/rect': [ '1.1.0' ],
179 silly audit   '@smithy/abort-controller': [ '4.2.10' ],
179 silly audit   '@smithy/chunked-blob-reader': [ '5.2.1' ],
179 silly audit   '@smithy/chunked-blob-reader-native': [ '4.2.2' ],
179 silly audit   '@smithy/config-resolver': [ '4.4.9' ],
179 silly audit   '@smithy/core': [ '3.23.6' ],
179 silly audit   '@smithy/credential-provider-imds': [ '4.2.10' ],
179 silly audit   '@smithy/eventstream-codec': [ '4.2.10' ],
179 silly audit   '@smithy/eventstream-serde-browser': [ '4.2.10' ],
179 silly audit   '@smithy/eventstream-serde-config-resolver': [ '4.3.10' ],
179 silly audit   '@smithy/eventstream-serde-node': [ '4.2.10' ],
179 silly audit   '@smithy/eventstream-serde-universal': [ '4.2.10' ],
179 silly audit   '@smithy/fetch-http-handler': [ '5.3.11' ],
179 silly audit   '@smithy/hash-blob-browser': [ '4.2.11' ],
179 silly audit   '@smithy/hash-node': [ '4.2.10' ],
179 silly audit   '@smithy/hash-stream-node': [ '4.2.10' ],
179 silly audit   '@smithy/invalid-dependency': [ '4.2.10' ],
179 silly audit   '@smithy/middleware-content-length': [ '4.2.10' ],
179 silly audit   '@smithy/middleware-endpoint': [ '4.4.20' ],
179 silly audit   '@smithy/middleware-retry': [ '4.4.37' ],
179 silly audit   '@smithy/middleware-serde': [ '4.2.11' ],
179 silly audit   '@smithy/middleware-stack': [ '4.2.10' ],
179 silly audit   '@smithy/node-config-provider': [ '4.3.10' ],
179 silly audit   '@smithy/node-http-handler': [ '4.4.12' ],
179 silly audit   '@smithy/property-provider': [ '4.2.10' ],
179 silly audit   '@smithy/protocol-http': [ '5.3.10' ],
179 silly audit   '@smithy/querystring-builder': [ '4.2.10' ],
179 silly audit   '@smithy/querystring-parser': [ '4.2.10' ],
179 silly audit   '@smithy/service-error-classification': [ '4.2.10' ],
179 silly audit   '@smithy/shared-ini-file-loader': [ '4.4.5' ],
179 silly audit   '@smithy/signature-v4': [ '5.3.10' ],
179 silly audit   '@smithy/smithy-client': [ '4.12.0' ],
179 silly audit   '@smithy/url-parser': [ '4.2.10' ],
179 silly audit   '@smithy/util-body-length-browser': [ '4.2.1' ],
179 silly audit   '@smithy/util-body-length-node': [ '4.2.2' ],
179 silly audit   '@smithy/util-config-provider': [ '4.2.1' ],
179 silly audit   '@smithy/util-defaults-mode-browser': [ '4.3.36' ],
179 silly audit   '@smithy/util-defaults-mode-node': [ '4.2.39' ],
179 silly audit   '@smithy/util-endpoints': [ '3.3.1' ],
179 silly audit   '@smithy/util-middleware': [ '4.2.10' ],
179 silly audit   '@smithy/util-retry': [ '4.2.10' ],
179 silly audit   '@smithy/util-stream': [ '4.5.15' ],
179 silly audit   '@smithy/util-uri-escape': [ '4.2.1' ],
179 silly audit   '@smithy/util-waiter': [ '4.2.10' ],
179 silly audit   '@smithy/uuid': [ '1.1.1' ],
179 silly audit   '@standard-schema/utils': [ '0.3.0' ],
179 silly audit   '@swc/helpers': [ '0.5.15' ],
179 silly audit   '@types/aws-lambda': [ '8.10.161' ],
179 silly audit   '@types/json-schema': [ '7.0.15' ],
179 silly audit   '@types/node': [ '20.17.17' ],
179 silly audit   '@types/react': [ '19.2.7' ],
179 silly audit   '@types/react-dom': [ '19.2.3' ],
179 silly audit   '@types/uuid': [ '9.0.8' ],
179 silly audit   '@yarnpkg/lockfile': [ '1.1.0' ],
179 silly audit   'abort-controller': [ '3.0.0' ],
179 silly audit   'ansi-regex': [ '6.1.0', '5.0.1' ],
179 silly audit   'ansi-styles': [ '6.2.1', '4.3.0' ],
179 silly audit   'any-promise': [ '1.3.0' ],
179 silly audit   anymatch: [ '3.1.3' ],
179 silly audit   arg: [ '5.0.2' ],
179 silly audit   'aria-hidden': [ '1.2.4' ],
179 silly audit   asynckit: [ '0.4.0' ],
179 silly audit   'at-least-node': [ '1.0.0' ],
179 silly audit   'aws-amplify': [ '6.16.2' ],
179 silly audit   '@aws-amplify/auth': [ '6.19.1' ],
179 silly audit   'balanced-match': [ '1.0.2' ],
179 silly audit   'base64-js': [ '1.5.1' ],
179 silly audit   'binary-extensions': [ '2.3.0' ],
179 silly audit   bowser: [ '2.14.1' ],
179 silly audit   'brace-expansion': [ '2.0.1', '1.1.11' ],
179 silly audit   braces: [ '3.0.3' ],
179 silly audit   buffer: [ '4.9.2', '6.0.3' ],
179 silly audit   isarray: [ '1.0.0', '2.0.5' ],
179 silly audit   'call-bind': [ '1.0.8' ],
179 silly audit   'call-bind-apply-helpers': [ '1.0.1' ],
179 silly audit   'call-bound': [ '1.0.3' ],
179 silly audit   'camelcase-css': [ '2.0.1' ],
179 silly audit   'caniuse-lite': [ '1.0.30001699' ],
179 silly audit   chalk: [ '4.1.2' ],
179 silly audit   chokidar: [ '3.6.0' ],
179 silly audit   'glob-parent': [ '5.1.2', '6.0.2' ],
179 silly audit   'ci-info': [ '3.9.0' ],
179 silly audit   'class-variance-authority': [ '0.7.1' ],
179 silly audit   'client-only': [ '0.0.1' ],
179 silly audit   cliui: [ '8.0.1' ],
179 silly audit   'emoji-regex': [ '8.0.0', '9.2.2' ],
179 silly audit   'string-width': [ '4.2.3', '5.1.2' ],
179 silly audit   'strip-ansi': [ '6.0.1', '7.1.0' ],
179 silly audit   'wrap-ansi': [ '7.0.0', '8.1.0' ],
179 silly audit   clsx: [ '2.1.1' ],
179 silly audit   'cohere-ai': [ '7.20.0' ],
179 silly audit   'color-convert': [ '2.0.1' ],
179 silly audit   'color-name': [ '1.1.4' ],
179 silly audit   'combined-stream': [ '1.0.8' ],
179 silly audit   commander: [ '4.1.1' ],
179 silly audit   'concat-map': [ '0.0.1' ],
179 silly audit   convict: [ '6.2.4' ],
179 silly audit   'yargs-parser': [ '20.2.9', '21.1.1' ],
179 silly audit   'crc-32': [ '1.2.2' ],
179 silly audit   'cross-spawn': [ '7.0.6' ],
179 silly audit   cssesc: [ '3.0.0' ],
179 silly audit   csstype: [ '3.2.3' ],
179 silly audit   'date-fns': [ '3.6.0', '4.1.0' ],
179 silly audit   'date-fns-jalali': [ '4.1.0-0' ],
179 silly audit   'define-data-property': [ '1.1.4' ],
179 silly audit   'delayed-stream': [ '1.0.0' ],
179 silly audit   'detect-libc': [ '2.1.2' ],
179 silly audit   'detect-node-es': [ '1.1.0' ],
179 silly audit   didyoumean: [ '1.2.2' ],
179 silly audit   dlv: [ '1.1.3' ],
179 silly audit   dotenv: [ '16.5.0' ],
179 silly audit   'dunder-proto': [ '1.0.1' ],
179 silly audit   eastasianwidth: [ '0.2.0' ],
179 silly audit   'embla-carousel': [ '8.6.0' ],
179 silly audit   'embla-carousel-react': [ '8.6.0' ],
179 silly audit   'embla-carousel-reactive-utils': [ '8.6.0' ],
179 silly audit   'es-define-property': [ '1.0.1' ],
179 silly audit   'es-errors': [ '1.3.0' ],
179 silly audit   'es-object-atoms': [ '1.1.1' ],
179 silly audit   'es-set-tostringtag': [ '2.1.0' ],
179 silly audit   escalade: [ '3.2.0' ],
179 silly audit   'event-target-shim': [ '5.0.1' ],
179 silly audit   events: [ '3.3.0' ],
179 silly audit   'fast-glob': [ '3.3.3' ],
179 silly audit   'fast-xml-builder': [ '1.0.0' ],
179 silly audit   fastq: [ '1.19.0' ],
179 silly audit   'faye-websocket': [ '0.11.4' ],
179 silly audit   'fill-range': [ '7.1.1' ],
179 silly audit   'find-yarn-workspace-root': [ '2.0.0' ],
179 silly audit   firebase: [ '11.9.1' ],
179 silly audit   'foreground-child': [ '3.3.0' ],
179 silly audit   'form-data': [ '4.0.5' ],
179 silly audit   'form-data-encoder': [ '4.1.0' ],
179 silly audit   'formdata-node': [ '6.0.3' ],
179 silly audit   'fs-extra': [ '9.1.0' ],
179 silly audit   'fs.realpath': [ '1.0.0' ],
179 silly audit   fsevents: [ '2.3.3' ],
179 silly audit   'function-bind': [ '1.1.2' ],
179 silly audit   'get-caller-file': [ '2.0.5' ],
179 silly audit   'get-intrinsic': [ '1.2.7' ],
179 silly audit   'get-nonce': [ '1.0.1' ],
179 silly audit   'get-proto': [ '1.0.1' ],
179 silly audit   glob: [ '10.4.5', '7.2.3' ],
179 silly audit   gopd: [ '1.2.0' ],
179 silly audit   'graceful-fs': [ '4.2.11' ],
179 silly audit   graphql: [ '15.8.0' ],
179 silly audit   'has-flag': [ '4.0.0' ],
179 silly audit   'has-property-descriptors': [ '1.0.2' ],
179 silly audit   'has-symbols': [ '1.1.0' ],
179 silly audit   'has-tostringtag': [ '1.0.2' ],
179 silly audit   hasown: [ '2.0.2' ],
179 silly audit   'http-parser-js': [ '0.5.10' ],
179 silly audit   ieee754: [ '1.2.1' ],
179 silly audit   immer: [ '9.0.6' ],
179 silly audit   inflight: [ '1.0.6' ],
179 silly audit   inherits: [ '2.0.4' ],
179 silly audit   'is-binary-path': [ '2.1.0' ],
179 silly audit   'is-core-module': [ '2.16.1' ],
179 silly audit   'is-docker': [ '2.2.1' ],
179 silly audit   'is-extglob': [ '2.1.1' ],
179 silly audit   'is-fullwidth-code-point': [ '3.0.0' ],
179 silly audit   'is-glob': [ '4.0.3' ],
179 silly audit   'is-number': [ '7.0.0' ],
179 silly audit   isexe: [ '2.0.0' ],
179 silly audit   jackspeak: [ '3.4.3' ],
179 silly audit   jiti: [ '1.21.7' ],
179 silly audit   'js-cookie': [ '3.0.5' ],
179 silly audit   'json-stable-stringify': [ '1.2.1' ],
179 silly audit   jsonfile: [ '6.1.0' ],
179 silly audit   jsonify: [ '0.0.1' ],
179 silly audit   'klaw-sync': [ '6.0.0' ],
179 silly audit   lilconfig: [ '3.1.3' ],
179 silly audit   'lines-and-columns': [ '1.2.4' ],
179 silly audit   lodash: [ '4.17.23' ],
179 silly audit   'lodash.camelcase': [ '4.3.0' ],
179 silly audit   'lodash.clonedeep': [ '4.5.0' ],
179 silly audit   long: [ '5.3.0' ],
179 silly audit   'lru-cache': [ '10.4.3' ],
179 silly audit   'lucide-react': [ '0.475.0' ],
179 silly audit   'math-intrinsics': [ '1.1.0' ],
179 silly audit   merge2: [ '1.4.1' ],
179 silly audit   micromatch: [ '4.0.8' ],
179 silly audit   'mime-db': [ '1.52.0' ],
179 silly audit   'mime-types': [ '2.1.35' ],
179 silly audit   minimatch: [ '9.0.5', '3.1.2' ],
179 silly audit   minimist: [ '1.2.8' ],
179 silly audit   minipass: [ '7.1.2' ],
179 silly audit   mnemonist: [ '0.38.3' ],
179 silly audit   mz: [ '2.7.0' ],
179 silly audit   nanoid: [ '3.3.8' ],
179 silly audit   next: [ '15.5.9' ],
179 silly audit   'next-themes': [ '0.4.6' ],
179 silly audit   postcss: [ '8.4.31', '8.5.2' ],
179 silly audit   'normalize-path': [ '3.0.0' ],
179 silly audit   'object-assign': [ '4.1.1' ],
179 silly audit   'object-hash': [ '3.0.0' ],
179 silly audit   'object-keys': [ '1.1.1' ],
179 silly audit   obliterator: [ '1.6.1' ],
179 silly audit   once: [ '1.4.0' ],
179 silly audit   'os-tmpdir': [ '1.0.2' ],
179 silly audit   'package-json-from-dist': [ '1.0.1' ],
179 silly audit   'patch-package': [ '8.0.0' ],
179 silly audit   'is-wsl': [ '2.2.0' ],
179 silly audit   open: [ '7.4.2' ],
179 silly audit   'path-is-absolute': [ '1.0.1' ],
179 silly audit   'path-key': [ '3.1.1' ],
179 silly audit   'path-parse': [ '1.0.7' ],
179 silly audit   'path-scurry': [ '1.11.1' ],
179 silly audit   picocolors: [ '1.1.1' ],
179 silly audit   picomatch: [ '2.3.1' ],
179 silly audit   pify: [ '2.3.0' ],
179 silly audit   pirates: [ '4.0.6' ],
179 silly audit   'postcss-import': [ '15.1.0' ],
179 silly audit   'postcss-js': [ '4.0.1' ],
179 silly audit   'postcss-load-config': [ '4.0.2' ],
179 silly audit   'postcss-nested': [ '6.2.0' ],
179 silly audit   'postcss-selector-parser': [ '6.1.2' ],
179 silly audit   'postcss-value-parser': [ '4.2.0' ],
179 silly audit   process: [ '0.11.10' ],
179 silly audit   protobufjs: [ '7.5.4' ],
179 silly audit   'queue-microtask': [ '1.2.3' ],
179 silly audit   react: [ '19.2.1' ],
179 silly audit   'react-day-picker': [ '9.11.3' ],
179 silly audit   'react-dom': [ '19.2.1' ],
179 silly audit   'react-hook-form': [ '7.54.2' ],
179 silly audit   'react-remove-scroll': [ '2.6.3' ],
179 silly audit   'react-remove-scroll-bar': [ '2.3.8' ],
179 silly audit   'react-style-singleton': [ '2.2.3' ],
179 silly audit   'react-wrap-balancer': [ '1.1.1' ],
179 silly audit   'read-cache': [ '1.0.0' ],
179 silly audit   'readable-stream': [ '4.7.0' ],
179 silly audit   readdirp: [ '3.6.0' ],
179 silly audit   'require-directory': [ '2.1.1' ],
179 silly audit   resolve: [ '1.22.10' ],
179 silly audit   reusify: [ '1.0.4' ],
179 silly audit   rimraf: [ '2.7.1', '5.0.10' ],
179 silly audit   'run-parallel': [ '1.2.0' ],
179 silly audit   rxjs: [ '7.8.2' ],
179 silly audit   'safe-buffer': [ '5.2.1' ],
179 silly audit   scheduler: [ '0.27.0' ],
179 silly audit   semver: [ '7.7.3' ],
179 silly audit   'set-function-length': [ '1.2.2' ],
179 silly audit   sharp: [ '0.34.5' ],
179 silly audit   'shebang-command': [ '2.0.0' ],
179 silly audit   'shebang-regex': [ '3.0.0' ],
179 silly audit   'signal-exit': [ '4.1.0' ],
179 silly audit   slash: [ '2.0.0' ],
179 silly audit   'source-map-js': [ '1.2.1' ],
179 silly audit   string_decoder: [ '1.3.0' ],
179 silly audit   strnum: [ '2.1.2' ],
179 silly audit   'styled-jsx': [ '5.1.6' ],
179 silly audit   sucrase: [ '3.35.0' ],
179 silly audit   'supports-color': [ '7.2.0' ],
179 silly audit   'supports-preserve-symlinks-flag': [ '1.0.0' ],
179 silly audit   'tailwind-merge': [ '3.0.1' ],
179 silly audit   tailwindcss: [ '3.4.17' ],
179 silly audit   'tailwindcss-animate': [ '1.0.7' ],
179 silly audit   thenify: [ '3.3.1' ],
179 silly audit   'thenify-all': [ '1.6.0' ],
179 silly audit   tmp: [ '0.0.33' ],
179 silly audit   'to-regex-range': [ '5.0.1' ],
179 silly audit   'ts-interface-checker': [ '0.1.13' ],
179 silly audit   tslib: [ '2.8.1' ],
179 silly audit   typescript: [ '5.7.3' ],
179 silly audit   ulid: [ '2.4.0' ],
179 silly audit   'undici-types': [ '6.19.8' ],
179 silly audit   universalify: [ '2.0.1' ],
179 silly audit   'use-callback-ref': [ '1.3.3' ],
179 silly audit   'use-sidecar': [ '1.1.3' ],
179 silly audit   'util-deprecate': [ '1.0.2' ],
179 silly audit   'web-vitals': [ '4.2.4' ],
179 silly audit   'websocket-driver': [ '0.7.4' ],
179 silly audit   'websocket-extensions': [ '0.1.4' ],
179 silly audit   which: [ '2.0.2' ],
179 silly audit   wrappy: [ '1.0.2' ],
179 silly audit   y18n: [ '5.0.8' ],
179 silly audit   yaml: [ '2.8.0' ],
179 silly audit   yargs: [ '17.7.2' ],
179 silly audit   zod: [ '3.24.2' ],
179 silly audit   googleapis: [ '171.4.0' ],
179 silly audit   'google-auth-library': [ '10.6.1' ],
179 silly audit   'googleapis-common': [ '8.0.1' ],
179 silly audit   'ecdsa-sig-formatter': [ '1.0.11' ],
179 silly audit   gaxios: [ '7.1.3' ],
179 silly audit   'gcp-metadata': [ '8.1.2' ],
179 silly audit   'google-logging-utils': [ '1.1.3' ],
179 silly audit   jws: [ '4.0.1' ],
179 silly audit   extend: [ '3.0.2' ],
179 silly audit   'https-proxy-agent': [ '7.0.6' ],
179 silly audit   'node-fetch': [ '3.3.2' ],
179 silly audit   'json-bigint': [ '1.0.0' ],
179 silly audit   qs: [ '6.15.0' ],
179 silly audit   'url-template': [ '2.0.8' ],
179 silly audit   'agent-base': [ '7.1.4' ],
179 silly audit   debug: [ '4.4.3' ],
179 silly audit   ms: [ '2.1.3' ],
179 silly audit   'bignumber.js': [ '9.3.1' ],
179 silly audit   jwa: [ '2.0.1' ],
179 silly audit   'buffer-equal-constant-time': [ '1.0.1' ],
179 silly audit   'data-uri-to-buffer': [ '4.0.1' ],
179 silly audit   'fetch-blob': [ '3.2.0' ],
179 silly audit   'formdata-polyfill': [ '4.0.10' ],
179 silly audit   'node-domexception': [ '1.0.0' ],
179 silly audit   'web-streams-polyfill': [ '3.3.3' ],
179 silly audit   'side-channel': [ '1.1.0' ],
179 silly audit   'object-inspect': [ '1.13.4' ],
179 silly audit   'side-channel-list': [ '1.0.0' ],
179 silly audit   'side-channel-map': [ '1.0.1' ],
179 silly audit   'side-channel-weakmap': [ '1.0.2' ]
179 silly audit }
180 verbose reify failed optional dependency D:\Projects\PodcastAI\PodcastAI\node_modules\fsevents
181 silly reify mark deleted [ 'D:\\Projects\\PodcastAI\\PodcastAI\\node_modules\\fsevents' ]
182 verbose reify failed optional dependency D:\Projects\PodcastAI\PodcastAI\node_modules\@next\swc-win32-arm64-msvc
183 silly reify mark deleted [
183 silly reify   'D:\\Projects\\PodcastAI\\PodcastAI\\node_modules\\@next\\swc-win32-arm64-msvc'
183 silly reify ]
184 verbose reify failed optional dependency D:\Projects\PodcastAI\PodcastAI\node_modules\@next\swc-linux-x64-musl
185 silly reify mark deleted [
185 silly reify   'D:\\Projects\\PodcastAI\\PodcastAI\\node_modules\\@next\\swc-linux-x64-musl'
185 silly reify ]
186 verbose reify failed optional dependency D:\Projects\PodcastAI\PodcastAI\node_modules\@next\swc-linux-x64-gnu
187 silly reify mark deleted [
187 silly reify   'D:\\Projects\\PodcastAI\\PodcastAI\\node_modules\\@next\\swc-linux-x64-gnu'
187 silly reify ]
188 verbose reify failed optional dependency D:\Projects\PodcastAI\PodcastAI\node_modules\@next\swc-linux-arm64-musl
189 silly reify mark deleted [
189 silly reify   'D:\\Projects\\PodcastAI\\PodcastAI\\node_modules\\@next\\swc-linux-arm64-musl'
189 silly reify ]
190 verbose reify failed optional dependency D:\Projects\PodcastAI\PodcastAI\node_modules\@next\swc-linux-arm64-gnu
191 silly reify mark deleted [
191 silly reify   'D:\\Projects\\PodcastAI\\PodcastAI\\node_modules\\@next\\swc-linux-arm64-gnu'
191 silly reify ]
192 verbose reify failed optional dependency D:\Projects\PodcastAI\PodcastAI\node_modules\@next\swc-darwin-x64
193 silly reify mark deleted [
193 silly reify   'D:\\Projects\\PodcastAI\\PodcastAI\\node_modules\\@next\\swc-darwin-x64'
193 silly reify ]
194 verbose reify failed optional dependency D:\Projects\PodcastAI\PodcastAI\node_modules\@next\swc-darwin-arm64
195 silly reify mark deleted [
195 silly reify   'D:\\Projects\\PodcastAI\\PodcastAI\\node_modules\\@next\\swc-darwin-arm64'
195 silly reify ]
196 verbose reify failed optional dependency D:\Projects\PodcastAI\PodcastAI\node_modules\@img\sharp-win32-ia32
197 silly reify mark deleted [
197 silly reify   'D:\\Projects\\PodcastAI\\PodcastAI\\node_modules\\@img\\sharp-win32-ia32'
197 silly reify ]
198 verbose reify failed optional dependency D:\Projects\PodcastAI\PodcastAI\node_modules\@img\sharp-win32-arm64
199 silly reify mark deleted [
199 silly reify   'D:\\Projects\\PodcastAI\\PodcastAI\\node_modules\\@img\\sharp-win32-arm64'
199 silly reify ]
200 verbose reify failed optional dependency D:\Projects\PodcastAI\PodcastAI\node_modules\@img\sharp-wasm32
201 silly reify mark deleted [
201 silly reify   'D:\\Projects\\PodcastAI\\PodcastAI\\node_modules\\@img\\sharp-wasm32'
201 silly reify ]
202 verbose reify failed optional dependency D:\Projects\PodcastAI\PodcastAI\node_modules\@emnapi\runtime
203 silly reify mark deleted [
203 silly reify   'D:\\Projects\\PodcastAI\\PodcastAI\\node_modules\\@emnapi\\runtime'
203 silly reify ]
204 verbose reify failed optional dependency D:\Projects\PodcastAI\PodcastAI\node_modules\@img\sharp-linuxmusl-x64
205 silly reify mark deleted [
205 silly reify   'D:\\Projects\\PodcastAI\\PodcastAI\\node_modules\\@img\\sharp-linuxmusl-x64'
205 silly reify ]
206 verbose reify failed optional dependency D:\Projects\PodcastAI\PodcastAI\node_modules\@img\sharp-linuxmusl-arm64
207 silly reify mark deleted [
207 silly reify   'D:\\Projects\\PodcastAI\\PodcastAI\\node_modules\\@img\\sharp-linuxmusl-arm64'
207 silly reify ]
208 verbose reify failed optional dependency D:\Projects\PodcastAI\PodcastAI\node_modules\@img\sharp-linux-x64
209 silly reify mark deleted [
209 silly reify   'D:\\Projects\\PodcastAI\\PodcastAI\\node_modules\\@img\\sharp-linux-x64'
209 silly reify ]
210 verbose reify failed optional dependency D:\Projects\PodcastAI\PodcastAI\node_modules\@img\sharp-linux-s390x
211 silly reify mark deleted [
211 silly reify   'D:\\Projects\\PodcastAI\\PodcastAI\\node_modules\\@img\\sharp-linux-s390x'
211 silly reify ]
212 verbose reify failed optional dependency D:\Projects\PodcastAI\PodcastAI\node_modules\@img\sharp-linux-riscv64
213 silly reify mark deleted [
213 silly reify   'D:\\Projects\\PodcastAI\\PodcastAI\\node_modules\\@img\\sharp-linux-riscv64'
213 silly reify ]
214 verbose reify failed optional dependency D:\Projects\PodcastAI\PodcastAI\node_modules\@img\sharp-linux-ppc64
215 silly reify mark deleted [
215 silly reify   'D:\\Projects\\PodcastAI\\PodcastAI\\node_modules\\@img\\sharp-linux-ppc64'
215 silly reify ]
216 verbose reify failed optional dependency D:\Projects\PodcastAI\PodcastAI\node_modules\@img\sharp-linux-arm64
217 silly reify mark deleted [
217 silly reify   'D:\\Projects\\PodcastAI\\PodcastAI\\node_modules\\@img\\sharp-linux-arm64'
217 silly reify ]
218 verbose reify failed optional dependency D:\Projects\PodcastAI\PodcastAI\node_modules\@img\sharp-linux-arm
219 silly reify mark deleted [
219 silly reify   'D:\\Projects\\PodcastAI\\PodcastAI\\node_modules\\@img\\sharp-linux-arm'
219 silly reify ]
220 verbose reify failed optional dependency D:\Projects\PodcastAI\PodcastAI\node_modules\@img\sharp-libvips-linuxmusl-x64
221 silly reify mark deleted [
221 silly reify   'D:\\Projects\\PodcastAI\\PodcastAI\\node_modules\\@img\\sharp-libvips-linuxmusl-x64'
221 silly reify ]
222 verbose reify failed optional dependency D:\Projects\PodcastAI\PodcastAI\node_modules\@img\sharp-libvips-linuxmusl-arm64
223 silly reify mark deleted [
223 silly reify   'D:\\Projects\\PodcastAI\\PodcastAI\\node_modules\\@img\\sharp-libvips-linuxmusl-arm64'
223 silly reify ]
224 verbose reify failed optional dependency D:\Projects\PodcastAI\PodcastAI\node_modules\@img\sharp-libvips-linux-x64
225 silly reify mark deleted [
225 silly reify   'D:\\Projects\\PodcastAI\\PodcastAI\\node_modules\\@img\\sharp-libvips-linux-x64'
225 silly reify ]
226 verbose reify failed optional dependency D:\Projects\PodcastAI\PodcastAI\node_modules\@img\sharp-libvips-linux-s390x
227 silly reify mark deleted [
227 silly reify   'D:\\Projects\\PodcastAI\\PodcastAI\\node_modules\\@img\\sharp-libvips-linux-s390x'
227 silly reify ]
228 verbose reify failed optional dependency D:\Projects\PodcastAI\PodcastAI\node_modules\@img\sharp-libvips-linux-riscv64
229 silly reify mark deleted [
229 silly reify   'D:\\Projects\\PodcastAI\\PodcastAI\\node_modules\\@img\\sharp-libvips-linux-riscv64'
229 silly reify ]
230 verbose reify failed optional dependency D:\Projects\PodcastAI\PodcastAI\node_modules\@img\sharp-libvips-linux-ppc64
231 silly reify mark deleted [
231 silly reify   'D:\\Projects\\PodcastAI\\PodcastAI\\node_modules\\@img\\sharp-libvips-linux-ppc64'
231 silly reify ]
232 verbose reify failed optional dependency D:\Projects\PodcastAI\PodcastAI\node_modules\@img\sharp-libvips-linux-arm64
233 silly reify mark deleted [
233 silly reify   'D:\\Projects\\PodcastAI\\PodcastAI\\node_modules\\@img\\sharp-libvips-linux-arm64'
233 silly reify ]
234 verbose reify failed optional dependency D:\Projects\PodcastAI\PodcastAI\node_modules\@img\sharp-libvips-linux-arm
235 silly reify mark deleted [
235 silly reify   'D:\\Projects\\PodcastAI\\PodcastAI\\node_modules\\@img\\sharp-libvips-linux-arm'
235 silly reify ]
236 verbose reify failed optional dependency D:\Projects\PodcastAI\PodcastAI\node_modules\@img\sharp-libvips-darwin-x64
237 silly reify mark deleted [
237 silly reify   'D:\\Projects\\PodcastAI\\PodcastAI\\node_modules\\@img\\sharp-libvips-darwin-x64'
237 silly reify ]
238 verbose reify failed optional dependency D:\Projects\PodcastAI\PodcastAI\node_modules\@img\sharp-libvips-darwin-arm64
239 silly reify mark deleted [
239 silly reify   'D:\\Projects\\PodcastAI\\PodcastAI\\node_modules\\@img\\sharp-libvips-darwin-arm64'
239 silly reify ]
240 verbose reify failed optional dependency D:\Projects\PodcastAI\PodcastAI\node_modules\@img\sharp-darwin-x64
241 silly reify mark deleted [
241 silly reify   'D:\\Projects\\PodcastAI\\PodcastAI\\node_modules\\@img\\sharp-darwin-x64'
241 silly reify ]
242 verbose reify failed optional dependency D:\Projects\PodcastAI\PodcastAI\node_modules\@img\sharp-darwin-arm64
243 silly reify mark deleted [
243 silly reify   'D:\\Projects\\PodcastAI\\PodcastAI\\node_modules\\@img\\sharp-darwin-arm64'
243 silly reify ]
244 http cache side-channel-weakmap@https://registry.npmjs.org/side-channel-weakmap/-/side-channel-weakmap-1.0.2.tgz 0ms (cache hit)
245 http cache side-channel-map@https://registry.npmjs.org/side-channel-map/-/side-channel-map-1.0.1.tgz 0ms (cache hit)
246 http cache side-channel-list@https://registry.npmjs.org/side-channel-list/-/side-channel-list-1.0.0.tgz 0ms (cache hit)
247 http cache object-inspect@https://registry.npmjs.org/object-inspect/-/object-inspect-1.13.4.tgz 0ms (cache hit)
248 http cache side-channel@https://registry.npmjs.org/side-channel/-/side-channel-1.1.0.tgz 0ms (cache hit)
249 http cache node-domexception@https://registry.npmjs.org/node-domexception/-/node-domexception-1.0.0.tgz 0ms (cache hit)
250 http cache web-streams-polyfill@https://registry.npmjs.org/web-streams-polyfill/-/web-streams-polyfill-3.3.3.tgz 0ms (cache hit)
251 http cache formdata-polyfill@https://registry.npmjs.org/formdata-polyfill/-/formdata-polyfill-4.0.10.tgz 0ms (cache hit)
252 http cache fetch-blob@https://registry.npmjs.org/fetch-blob/-/fetch-blob-3.2.0.tgz 0ms (cache hit)
253 http cache data-uri-to-buffer@https://registry.npmjs.org/data-uri-to-buffer/-/data-uri-to-buffer-4.0.1.tgz 0ms (cache hit)
254 http cache jwa@https://registry.npmjs.org/jwa/-/jwa-2.0.1.tgz 0ms (cache hit)
255 http cache buffer-equal-constant-time@https://registry.npmjs.org/buffer-equal-constant-time/-/buffer-equal-constant-time-1.0.1.tgz 0ms (cache hit)
256 http cache ms@https://registry.npmjs.org/ms/-/ms-2.1.3.tgz 0ms (cache hit)
257 http cache bignumber.js@https://registry.npmjs.org/bignumber.js/-/bignumber.js-9.3.1.tgz 0ms (cache hit)
258 http cache agent-base@https://registry.npmjs.org/agent-base/-/agent-base-7.1.4.tgz 0ms (cache hit)
259 http cache debug@https://registry.npmjs.org/debug/-/debug-4.4.3.tgz 0ms (cache hit)
260 http cache url-template@https://registry.npmjs.org/url-template/-/url-template-2.0.8.tgz 0ms (cache hit)
261 http cache qs@https://registry.npmjs.org/qs/-/qs-6.15.0.tgz 0ms (cache hit)
262 http cache json-bigint@https://registry.npmjs.org/json-bigint/-/json-bigint-1.0.0.tgz 0ms (cache hit)
263 http cache node-fetch@https://registry.npmjs.org/node-fetch/-/node-fetch-3.3.2.tgz 0ms (cache hit)
264 http cache extend@https://registry.npmjs.org/extend/-/extend-3.0.2.tgz 0ms (cache hit)
265 http cache https-proxy-agent@https://registry.npmjs.org/https-proxy-agent/-/https-proxy-agent-7.0.6.tgz 0ms (cache hit)
266 http cache google-logging-utils@https://registry.npmjs.org/google-logging-utils/-/google-logging-utils-1.1.3.tgz 0ms (cache hit)
267 http cache jws@https://registry.npmjs.org/jws/-/jws-4.0.1.tgz 0ms (cache hit)
268 http cache @emnapi/runtime@https://registry.npmjs.org/@emnapi/runtime/-/runtime-1.7.1.tgz 0ms (cache hit)
269 http cache rimraf@https://registry.npmjs.org/rimraf/-/rimraf-5.0.10.tgz 0ms (cache hit)
270 http cache gcp-metadata@https://registry.npmjs.org/gcp-metadata/-/gcp-metadata-8.1.2.tgz 0ms (cache hit)
271 http cache gaxios@https://registry.npmjs.org/gaxios/-/gaxios-7.1.3.tgz 0ms (cache hit)
272 http cache ecdsa-sig-formatter@https://registry.npmjs.org/ecdsa-sig-formatter/-/ecdsa-sig-formatter-1.0.11.tgz 0ms (cache hit)
273 http cache googleapis-common@https://registry.npmjs.org/googleapis-common/-/googleapis-common-8.0.1.tgz 0ms (cache hit)
274 http cache googleapis@https://registry.npmjs.org/googleapis/-/googleapis-171.4.0.tgz 0ms (cache hit)
275 http cache google-auth-library@https://registry.npmjs.org/google-auth-library/-/google-auth-library-10.6.1.tgz 0ms (cache hit)
276 silly tarball no local data for side-channel-weakmap@https://registry.npmjs.org/side-channel-weakmap/-/side-channel-weakmap-1.0.2.tgz. Extracting by manifest.
277 silly tarball no local data for side-channel-map@https://registry.npmjs.org/side-channel-map/-/side-channel-map-1.0.1.tgz. Extracting by manifest.
278 silly tarball no local data for side-channel-list@https://registry.npmjs.org/side-channel-list/-/side-channel-list-1.0.0.tgz. Extracting by manifest.
279 silly tarball no local data for object-inspect@https://registry.npmjs.org/object-inspect/-/object-inspect-1.13.4.tgz. Extracting by manifest.
280 silly tarball no local data for side-channel@https://registry.npmjs.org/side-channel/-/side-channel-1.1.0.tgz. Extracting by manifest.
281 silly tarball no local data for node-domexception@https://registry.npmjs.org/node-domexception/-/node-domexception-1.0.0.tgz. Extracting by manifest.
282 silly tarball no local data for web-streams-polyfill@https://registry.npmjs.org/web-streams-polyfill/-/web-streams-polyfill-3.3.3.tgz. Extracting by manifest.
283 silly tarball no local data for formdata-polyfill@https://registry.npmjs.org/formdata-polyfill/-/formdata-polyfill-4.0.10.tgz. Extracting by manifest.
284 silly tarball no local data for fetch-blob@https://registry.npmjs.org/fetch-blob/-/fetch-blob-3.2.0.tgz. Extracting by manifest.
285 silly tarball no local data for data-uri-to-buffer@https://registry.npmjs.org/data-uri-to-buffer/-/data-uri-to-buffer-4.0.1.tgz. Extracting by manifest.
286 silly tarball no local data for jwa@https://registry.npmjs.org/jwa/-/jwa-2.0.1.tgz. Extracting by manifest.
287 silly tarball no local data for buffer-equal-constant-time@https://registry.npmjs.org/buffer-equal-constant-time/-/buffer-equal-constant-time-1.0.1.tgz. Extracting by manifest.
288 silly tarball no local data for ms@https://registry.npmjs.org/ms/-/ms-2.1.3.tgz. Extracting by manifest.
289 silly tarball no local data for bignumber.js@https://registry.npmjs.org/bignumber.js/-/bignumber.js-9.3.1.tgz. Extracting by manifest.
290 silly tarball no local data for agent-base@https://registry.npmjs.org/agent-base/-/agent-base-7.1.4.tgz. Extracting by manifest.
291 silly tarball no local data for debug@https://registry.npmjs.org/debug/-/debug-4.4.3.tgz. Extracting by manifest.
292 silly tarball no local data for url-template@https://registry.npmjs.org/url-template/-/url-template-2.0.8.tgz. Extracting by manifest.
293 silly tarball no local data for qs@https://registry.npmjs.org/qs/-/qs-6.15.0.tgz. Extracting by manifest.
294 silly tarball no local data for json-bigint@https://registry.npmjs.org/json-bigint/-/json-bigint-1.0.0.tgz. Extracting by manifest.
295 silly tarball no local data for node-fetch@https://registry.npmjs.org/node-fetch/-/node-fetch-3.3.2.tgz. Extracting by manifest.
296 silly tarball no local data for extend@https://registry.npmjs.org/extend/-/extend-3.0.2.tgz. Extracting by manifest.
297 silly tarball no local data for https-proxy-agent@https://registry.npmjs.org/https-proxy-agent/-/https-proxy-agent-7.0.6.tgz. Extracting by manifest.
298 silly tarball no local data for google-logging-utils@https://registry.npmjs.org/google-logging-utils/-/google-logging-utils-1.1.3.tgz. Extracting by manifest.
299 silly tarball no local data for jws@https://registry.npmjs.org/jws/-/jws-4.0.1.tgz. Extracting by manifest.
300 silly tarball no local data for rimraf@https://registry.npmjs.org/rimraf/-/rimraf-5.0.10.tgz. Extracting by manifest.
301 silly tarball no local data for gcp-metadata@https://registry.npmjs.org/gcp-metadata/-/gcp-metadata-8.1.2.tgz. Extracting by manifest.
302 silly tarball no local data for gaxios@https://registry.npmjs.org/gaxios/-/gaxios-7.1.3.tgz. Extracting by manifest.
303 silly tarball no local data for ecdsa-sig-formatter@https://registry.npmjs.org/ecdsa-sig-formatter/-/ecdsa-sig-formatter-1.0.11.tgz. Extracting by manifest.
304 silly tarball no local data for googleapis-common@https://registry.npmjs.org/googleapis-common/-/googleapis-common-8.0.1.tgz. Extracting by manifest.
305 silly tarball no local data for googleapis@https://registry.npmjs.org/googleapis/-/googleapis-171.4.0.tgz. Extracting by manifest.
306 silly tarball no local data for google-auth-library@https://registry.npmjs.org/google-auth-library/-/google-auth-library-10.6.1.tgz. Extracting by manifest.
307 http fetch GET 200 https://registry.npmjs.org/side-channel-map/-/side-channel-map-1.0.1.tgz 301ms (cache miss)
308 http fetch GET 200 https://registry.npmjs.org/node-domexception/-/node-domexception-1.0.0.tgz 306ms (cache miss)
309 http fetch GET 200 https://registry.npmjs.org/json-bigint/-/json-bigint-1.0.0.tgz 357ms (cache miss)
310 http fetch GET 200 https://registry.npmjs.org/debug/-/debug-4.4.3.tgz 363ms (cache miss)
311 http fetch GET 200 https://registry.npmjs.org/side-channel-weakmap/-/side-channel-weakmap-1.0.2.tgz 399ms (cache miss)
312 http fetch GET 200 https://registry.npmjs.org/side-channel-list/-/side-channel-list-1.0.0.tgz 401ms (cache miss)
313 http fetch GET 200 https://registry.npmjs.org/side-channel/-/side-channel-1.1.0.tgz 590ms (cache miss)
314 http fetch GET 200 https://registry.npmjs.org/jws/-/jws-4.0.1.tgz 582ms (cache miss)
315 http fetch POST 200 https://registry.npmjs.org/-/npm/v1/security/advisories/bulk 626ms
316 silly audit report {
316 silly audit report   'fast-xml-parser': [
316 silly audit report     {
316 silly audit report       id: 1113666,
316 silly audit report       url: 'https://github.com/advisories/GHSA-fj3w-jwp8-x2g3',
316 silly audit report       title: 'fast-xml-parser has stack overflow in XMLBuilder with preserveOrder',
316 silly audit report       severity: 'low',
316 silly audit report       vulnerable_versions: '>=5.0.0 <5.3.8',
316 silly audit report       cwe: [Array],
316 silly audit report       cvss: [Object]
316 silly audit report     }
316 silly audit report   ],
316 silly audit report   'brace-expansion': [
316 silly audit report     {
316 silly audit report       id: 1105443,
316 silly audit report       url: 'https://github.com/advisories/GHSA-v6h2-p8h4-qcjw',
316 silly audit report       title: 'brace-expansion Regular Expression Denial of Service vulnerability',
316 silly audit report       severity: 'low',
316 silly audit report       vulnerable_versions: '>=1.0.0 <=1.1.11',
316 silly audit report       cwe: [Array],
316 silly audit report       cvss: [Object]
316 silly audit report     },
316 silly audit report     {
316 silly audit report       id: 1105444,
316 silly audit report       url: 'https://github.com/advisories/GHSA-v6h2-p8h4-qcjw',
316 silly audit report       title: 'brace-expansion Regular Expression Denial of Service vulnerability',
316 silly audit report       severity: 'low',
316 silly audit report       vulnerable_versions: '>=2.0.0 <=2.0.1',
316 silly audit report       cwe: [Array],
316 silly audit report       cvss: [Object]
316 silly audit report     }
316 silly audit report   ],
316 silly audit report   glob: [
316 silly audit report     {
316 silly audit report       id: 1109842,
316 silly audit report       url: 'https://github.com/advisories/GHSA-5j98-mcp5-4vw2',
316 silly audit report       title: 'glob CLI: Command injection via -c/--cmd executes matches with shell:true',
316 silly audit report       severity: 'high',
316 silly audit report       vulnerable_versions: '>=10.2.0 <10.5.0',
316 silly audit report       cwe: [Array],
316 silly audit report       cvss: [Object]
316 silly audit report     }
316 silly audit report   ],
316 silly audit report   minimatch: [
316 silly audit report     {
316 silly audit report       id: 1113459,
316 silly audit report       url: 'https://github.com/advisories/GHSA-3ppc-4f35-3m26',
316 silly audit report       title: 'minimatch has a ReDoS via repeated wildcards with non-matching literal in pattern',
316 silly audit report       severity: 'high',
316 silly audit report       vulnerable_versions: '<3.1.3',
316 silly audit report       cwe: [Array],
316 silly audit report       cvss: [Object]
316 silly audit report     },
316 silly audit report     {
316 silly audit report       id: 1113465,
316 silly audit report       url: 'https://github.com/advisories/GHSA-3ppc-4f35-3m26',
316 silly audit report       title: 'minimatch has a ReDoS via repeated wildcards with non-matching literal in pattern',
316 silly audit report       severity: 'high',
316 silly audit report       vulnerable_versions: '>=9.0.0 <9.0.6',
316 silly audit report       cwe: [Array],
316 silly audit report       cvss: [Object]
316 silly audit report     },
316 silly audit report     {
316 silly audit report       id: 1113538,
316 silly audit report       url: 'https://github.com/advisories/GHSA-7r86-cg39-jmmj',
316 silly audit report       title: 'minimatch has ReDoS: matchOne() combinatorial backtracking via multiple non-adjacent GLOBSTAR segments',
316 silly audit report       severity: 'high',
316 silly audit report       vulnerable_versions: '<3.1.3',
316 silly audit report       cwe: [Array],
316 silly audit report       cvss: [Object]
316 silly audit report     },
316 silly audit report     {
316 silly audit report       id: 1113544,
316 silly audit report       url: 'https://github.com/advisories/GHSA-7r86-cg39-jmmj',
316 silly audit report       title: 'minimatch has ReDoS: matchOne() combinatorial backtracking via multiple non-adjacent GLOBSTAR segments',
316 silly audit report       severity: 'high',
316 silly audit report       vulnerable_versions: '>=9.0.0 <9.0.7',
316 silly audit report       cwe: [Array],
316 silly audit report       cvss: [Object]
316 silly audit report     },
316 silly audit report     {
316 silly audit report       id: 1113546,
316 silly audit report       url: 'https://github.com/advisories/GHSA-23c5-xmqv-rm74',
316 silly audit report       title: 'minimatch ReDoS: nested *() extglobs generate catastrophically backtracking regular expressions',
316 silly audit report       severity: 'high',
316 silly audit report       vulnerable_versions: '<3.1.4',
316 silly audit report       cwe: [Array],
316 silly audit report       cvss: [Object]
316 silly audit report     },
316 silly audit report     {
316 silly audit report       id: 1113552,
316 silly audit report       url: 'https://github.com/advisories/GHSA-23c5-xmqv-rm74',
316 silly audit report       title: 'minimatch ReDoS: nested *() extglobs generate catastrophically backtracking regular expressions',
316 silly audit report       severity: 'high',
316 silly audit report       vulnerable_versions: '>=9.0.0 <9.0.7',
316 silly audit report       cwe: [Array],
316 silly audit report       cvss: [Object]
316 silly audit report     }
316 silly audit report   ],
316 silly audit report   next: [
316 silly audit report     {
316 silly audit report       id: 1112593,
316 silly audit report       url: 'https://github.com/advisories/GHSA-9g9p-9gw9-jx7f',
316 silly audit report       title: 'Next.js self-hosted applications vulnerable to DoS via Image Optimizer remotePatterns configuration',
316 silly audit report       severity: 'moderate',
316 silly audit report       vulnerable_versions: '>=10.0.0 <15.5.10',
316 silly audit report       cwe: [Array],
316 silly audit report       cvss: [Object]
316 silly audit report     },
316 silly audit report     {
316 silly audit report       id: 1112648,
316 silly audit report       url: 'https://github.com/advisories/GHSA-h25m-26qc-wcjf',
316 silly audit report       title: 'Next.js HTTP request deserialization can lead to DoS when using insecure React Server Components',
316 silly audit report       severity: 'high',
316 silly audit report       vulnerable_versions: '>=15.5.1-canary.0 <15.5.10',
316 silly audit report       cwe: [Array],
316 silly audit report       cvss: [Object]
316 silly audit report     }
316 silly audit report   ],
316 silly audit report   tmp: [
316 silly audit report     {
316 silly audit report       id: 1109537,
316 silly audit report       url: 'https://github.com/advisories/GHSA-52f5-9888-hmc6',
316 silly audit report       title: 'tmp allows arbitrary temporary file / directory write via symbolic link `dir` parameter',
316 silly audit report       severity: 'low',
316 silly audit report       vulnerable_versions: '<=0.2.3',
316 silly audit report       cwe: [Array],
316 silly audit report       cvss: [Object]
316 silly audit report     }
316 silly audit report   ]
316 silly audit report }
317 silly packumentCache corgi:https://registry.npmjs.org/fast-xml-parser cache-miss
318 silly packumentCache corgi:https://registry.npmjs.org/brace-expansion cache-miss
319 silly packumentCache corgi:https://registry.npmjs.org/glob cache-miss
320 silly packumentCache corgi:https://registry.npmjs.org/minimatch cache-miss
321 silly packumentCache corgi:https://registry.npmjs.org/next cache-miss
322 silly packumentCache corgi:https://registry.npmjs.org/tmp cache-miss
323 http fetch GET 200 https://registry.npmjs.org/jwa/-/jwa-2.0.1.tgz 624ms (cache miss)
324 http fetch GET 200 https://registry.npmjs.org/agent-base/-/agent-base-7.1.4.tgz 689ms (cache miss)
325 http fetch GET 200 https://registry.npmjs.org/ecdsa-sig-formatter/-/ecdsa-sig-formatter-1.0.11.tgz 706ms (cache miss)
326 http fetch GET 200 https://registry.npmjs.org/ms/-/ms-2.1.3.tgz 728ms (cache miss)
327 http fetch GET 200 https://registry.npmjs.org/data-uri-to-buffer/-/data-uri-to-buffer-4.0.1.tgz 774ms (cache miss)
328 http fetch GET 200 https://registry.npmjs.org/extend/-/extend-3.0.2.tgz 770ms (cache miss)
329 http fetch GET 200 https://registry.npmjs.org/url-template/-/url-template-2.0.8.tgz 773ms (cache miss)
330 http fetch GET 200 https://registry.npmjs.org/fetch-blob/-/fetch-blob-3.2.0.tgz 813ms (cache miss)
331 http fetch GET 200 https://registry.npmjs.org/https-proxy-agent/-/https-proxy-agent-7.0.6.tgz 846ms (cache miss)
332 http fetch GET 200 https://registry.npmjs.org/gcp-metadata/-/gcp-metadata-8.1.2.tgz 881ms (cache miss)
333 http fetch GET 200 https://registry.npmjs.org/formdata-polyfill/-/formdata-polyfill-4.0.10.tgz 896ms (cache miss)
334 http fetch GET 200 https://registry.npmjs.org/google-logging-utils/-/google-logging-utils-1.1.3.tgz 905ms (cache miss)
335 http fetch GET 200 https://registry.npmjs.org/glob 315ms (cache revalidated)
336 silly packumentCache corgi:https://registry.npmjs.org/glob set size:199194 disposed:false
337 http fetch GET 200 https://registry.npmjs.org/minimatch 320ms (cache revalidated)
338 silly packumentCache corgi:https://registry.npmjs.org/minimatch set size:167610 disposed:false
339 http fetch GET 200 https://registry.npmjs.org/fast-xml-parser 330ms (cache revalidated)
340 silly packumentCache corgi:https://registry.npmjs.org/fast-xml-parser set size:232762 disposed:false
341 http fetch GET 200 https://registry.npmjs.org/buffer-equal-constant-time/-/buffer-equal-constant-time-1.0.1.tgz 943ms (cache miss)
342 http fetch GET 200 https://registry.npmjs.org/brace-expansion 350ms (cache revalidated)
343 silly packumentCache corgi:https://registry.npmjs.org/brace-expansion set size:18511 disposed:false
344 http fetch GET 200 https://registry.npmjs.org/tmp 350ms (cache revalidated)
345 silly packumentCache corgi:https://registry.npmjs.org/tmp set size:23979 disposed:false
346 http fetch GET 200 https://registry.npmjs.org/node-fetch/-/node-fetch-3.3.2.tgz 957ms (cache miss)
347 http fetch GET 200 https://registry.npmjs.org/qs/-/qs-6.15.0.tgz 960ms (cache miss)
348 http fetch GET 200 https://registry.npmjs.org/object-inspect/-/object-inspect-1.13.4.tgz 1047ms (cache miss)
349 http fetch GET 200 https://registry.npmjs.org/bignumber.js/-/bignumber.js-9.3.1.tgz 1045ms (cache miss)
350 http fetch GET 200 https://registry.npmjs.org/googleapis-common/-/googleapis-common-8.0.1.tgz 1068ms (cache miss)
351 warn deprecated node-domexception@1.0.0: Use your platform's native DOMException instead
352 http fetch GET 200 https://registry.npmjs.org/gaxios/-/gaxios-7.1.3.tgz 1335ms (cache miss)
353 http fetch GET 200 https://registry.npmjs.org/google-auth-library/-/google-auth-library-10.6.1.tgz 1362ms (cache miss)
354 http fetch GET 200 https://registry.npmjs.org/rimraf/-/rimraf-5.0.10.tgz 1409ms (cache miss)
355 http fetch GET 200 https://registry.npmjs.org/web-streams-polyfill/-/web-streams-polyfill-3.3.3.tgz 6410ms (cache miss)
356 http fetch GET 200 https://registry.npmjs.org/next 6142ms (cache updated)
357 silly packumentCache corgi:https://registry.npmjs.org/next set size:undefined disposed:false
358 silly packumentCache corgi:https://registry.npmjs.org/@aws-sdk%2fxml-builder cache-miss
359 http fetch GET 200 https://registry.npmjs.org/@aws-sdk%2fxml-builder 161ms (cache revalidated)
360 silly packumentCache corgi:https://registry.npmjs.org/@aws-sdk%2fxml-builder set size:135070 disposed:false
361 silly packumentCache corgi:https://registry.npmjs.org/sucrase cache-miss
362 silly packumentCache corgi:https://registry.npmjs.org/rimraf cache-miss
363 http fetch GET 200 https://registry.npmjs.org/sucrase 188ms (cache revalidated)
364 silly packumentCache corgi:https://registry.npmjs.org/sucrase set size:163085 disposed:false
365 http fetch GET 200 https://registry.npmjs.org/rimraf 190ms (cache miss)
366 silly packumentCache corgi:https://registry.npmjs.org/rimraf set size:undefined disposed:false
367 silly packumentCache corgi:https://registry.npmjs.org/patch-package cache-miss
368 http fetch GET 200 https://registry.npmjs.org/patch-package 131ms (cache revalidated)
369 silly packumentCache corgi:https://registry.npmjs.org/patch-package set size:158395 disposed:false
370 silly packumentCache corgi:https://registry.npmjs.org/@aws-sdk%2fcore cache-miss
371 http fetch GET 200 https://registry.npmjs.org/@aws-sdk%2fcore 182ms (cache revalidated)
372 silly packumentCache corgi:https://registry.npmjs.org/@aws-sdk%2fcore set size:181212 disposed:false
373 http fetch GET 200 https://registry.npmjs.org/googleapis/-/googleapis-171.4.0.tgz 36029ms (cache miss)
374 silly ADD node_modules/side-channel-weakmap
375 silly ADD node_modules/side-channel-map
376 silly ADD node_modules/side-channel-list
377 silly ADD node_modules/object-inspect
378 silly ADD node_modules/side-channel
379 silly ADD node_modules/web-streams-polyfill
380 silly ADD node_modules/node-domexception
381 silly ADD node_modules/formdata-polyfill
382 silly ADD node_modules/fetch-blob
383 silly ADD node_modules/data-uri-to-buffer
384 silly ADD node_modules/buffer-equal-constant-time
385 silly ADD node_modules/jwa
386 silly ADD node_modules/bignumber.js
387 silly ADD node_modules/ms
388 silly ADD node_modules/debug
389 silly ADD node_modules/agent-base
390 silly ADD node_modules/url-template
391 silly ADD node_modules/qs
392 silly ADD node_modules/json-bigint
393 silly ADD node_modules/node-fetch
394 silly ADD node_modules/https-proxy-agent
395 silly ADD node_modules/extend
396 silly ADD node_modules/jws
397 silly ADD node_modules/google-logging-utils
398 silly ADD node_modules/gcp-metadata
399 silly ADD node_modules/gaxios
400 silly ADD node_modules/gaxios/node_modules/rimraf
401 silly ADD node_modules/ecdsa-sig-formatter
402 silly ADD node_modules/googleapis-common
403 silly ADD node_modules/google-auth-library
404 silly ADD node_modules/googleapis
405 silly ADD
406 silly ADD
407 silly ADD
408 silly ADD
409 silly ADD
410 silly ADD
411 silly ADD
412 silly ADD
413 silly ADD
414 silly ADD
415 silly ADD
416 silly ADD
417 silly ADD
418 silly ADD
419 silly ADD
420 silly ADD
421 silly ADD
422 silly ADD
423 silly ADD
424 silly ADD
425 silly ADD
426 silly ADD
427 silly ADD
428 silly ADD
429 silly ADD
430 silly ADD
431 silly ADD
432 silly ADD
433 silly ADD
434 silly ADD
435 silly ADD
436 silly ADD
437 verbose cwd D:\Projects\PodcastAI\PodcastAI
438 verbose os Windows_NT 10.0.26200
439 verbose node v22.19.0
440 verbose npm  v10.9.3
441 verbose exit 0
442 info ok
